<?xml version="1.0" encoding="utf-8"?>
<TestRun id="0f5143b5-b87d-4e54-b983-1445847ca4c7" name="BGHRPIS@BG-L-5003591 2023-12-13 15:30:49" runUser="EUROPE\BGHRPIS" xmlns="http://microsoft.com/schemas/VisualStudio/TeamTest/2010">
  <Times creation="2023-12-13T15:30:49.2562394+02:00" queuing="2023-12-13T15:30:49.2562398+02:00" start="2023-12-13T15:30:45.0924217+02:00" finish="2023-12-13T15:30:51.3048531+02:00" />
  <TestSettings name="default" id="af80eaed-1b57-4a02-9cae-6e638db70366">
    <Deployment runDeploymentRoot="BGHRPIS_BG-L-5003591_2023-12-13_15_30_49" />
  </TestSettings>
  <Results>
    <UnitTestResult executionId="dda99f03-9a0f-43c9-ab28-6764e128f2a1" testId="d57fcc51-13f7-d803-39c9-b71bbeb37892" testName="IsUserRecordCreatorAsync_ShouldReturnFalse_WhenUserIsNotTaxRecordCreator" computerName="BG-L-5003591" duration="00:00:00.0042320" startTime="2023-12-13T15:30:50.8275096+02:00" endTime="2023-12-13T15:30:50.8317412+02:00" testType="13cdc9d9-ddb5-4fa4-a97d-d965ccfc6d4b" outcome="Passed" testListId="8c84fa94-04c1-424b-9868-57a2d4851a1d" relativeResultsDirectory="dda99f03-9a0f-43c9-ab28-6764e128f2a1" />
    <UnitTestResult executionId="6cc38aec-a436-4a02-ac26-a0c110b2dfcd" testId="57fe4056-f98f-ac4f-a397-7bd4f670ca59" testName="AddImageToVehicle_WithExistingVehicle_ReturnsTrue" computerName="BG-L-5003591" duration="00:00:00.0069120" startTime="2023-12-13T15:30:51.0950557+02:00" endTime="2023-12-13T15:30:51.1019677+02:00" testType="13cdc9d9-ddb5-4fa4-a97d-d965ccfc6d4b" outcome="Passed" testListId="8c84fa94-04c1-424b-9868-57a2d4851a1d" relativeResultsDirectory="6cc38aec-a436-4a02-ac26-a0c110b2dfcd" />
    <UnitTestResult executionId="41aee1c5-8220-4a97-bef5-3b11d4a410a6" testId="9a49585a-77a8-0671-7fe9-42c892963601" testName="GetTripDetailsByIdAsync_ShouldRetrieveTripDetails" computerName="BG-L-5003591" duration="00:00:00.0081990" startTime="2023-12-13T15:30:50.9894415+02:00" endTime="2023-12-13T15:30:50.9976393+02:00" testType="13cdc9d9-ddb5-4fa4-a97d-d965ccfc6d4b" outcome="Passed" testListId="8c84fa94-04c1-424b-9868-57a2d4851a1d" relativeResultsDirectory="41aee1c5-8220-4a97-bef5-3b11d4a410a6" />
    <UnitTestResult executionId="d4cfa0e1-8280-4956-bb6f-1f35c00c0902" testId="d093422c-a6a8-1105-5ba0-5e2d657ad7a0" testName="EditAsync_WhenCalled_EditsACarouselAd" computerName="BG-L-5003591" duration="00:00:00.0787640" startTime="2023-12-13T15:30:49.2352330+02:00" endTime="2023-12-13T15:30:49.3139964+02:00" testType="13cdc9d9-ddb5-4fa4-a97d-d965ccfc6d4b" outcome="Passed" testListId="8c84fa94-04c1-424b-9868-57a2d4851a1d" relativeResultsDirectory="d4cfa0e1-8280-4956-bb6f-1f35c00c0902" />
    <UnitTestResult executionId="bfc60572-c2e5-452b-96bc-baf03b7c94dd" testId="e1b427ad-78c2-31cb-4365-79041c375bda" testName="DoesUserExistByIdAsync_ShouldReturnTrue_IfUserExists" computerName="BG-L-5003591" duration="00:00:00.0021410" startTime="2023-12-13T15:30:49.8255167+02:00" endTime="2023-12-13T15:30:49.8276576+02:00" testType="13cdc9d9-ddb5-4fa4-a97d-d965ccfc6d4b" outcome="Passed" testListId="8c84fa94-04c1-424b-9868-57a2d4851a1d" relativeResultsDirectory="bfc60572-c2e5-452b-96bc-baf03b7c94dd" />
    <UnitTestResult executionId="be0e34b1-3682-4597-9d67-64ee05fba963" testId="6177d933-4a06-2194-b317-f58a8b4f338a" testName="RetrieveTripRecordsByPageAsync_RetrievesCorrectAmountOfRecords" computerName="BG-L-5003591" duration="00:00:00.0043600" startTime="2023-12-13T15:30:51.0457478+02:00" endTime="2023-12-13T15:30:51.0501069+02:00" testType="13cdc9d9-ddb5-4fa4-a97d-d965ccfc6d4b" outcome="Passed" testListId="8c84fa94-04c1-424b-9868-57a2d4851a1d" relativeResultsDirectory="be0e34b1-3682-4597-9d67-64ee05fba963" />
    <UnitTestResult executionId="311e296d-966b-4775-ad66-584aecbfefcb" testId="c4c36e11-7e32-f526-41e7-5be29df0f41d" testName="GetUserDetailsByIdAsync_ShoudlRetrieve_UserDetails" computerName="BG-L-5003591" duration="00:00:00.0348500" startTime="2023-12-13T15:30:51.0600425+02:00" endTime="2023-12-13T15:30:51.0948918+02:00" testType="13cdc9d9-ddb5-4fa4-a97d-d965ccfc6d4b" outcome="Passed" testListId="8c84fa94-04c1-424b-9868-57a2d4851a1d" relativeResultsDirectory="311e296d-966b-4775-ad66-584aecbfefcb" />
    <UnitTestResult executionId="79df0c46-2b50-4647-9d89-5065fd65f15e" testId="5489028b-a6b6-fe21-b126-85c65d145d2e" testName="RetrieveTaxRecordsByPageAsync_RetrievesCorrectAmountOfRecords" computerName="BG-L-5003591" duration="00:00:00.0023600" startTime="2023-12-13T15:30:50.8705226+02:00" endTime="2023-12-13T15:30:50.8728827+02:00" testType="13cdc9d9-ddb5-4fa4-a97d-d965ccfc6d4b" outcome="Passed" testListId="8c84fa94-04c1-424b-9868-57a2d4851a1d" relativeResultsDirectory="79df0c46-2b50-4647-9d89-5065fd65f15e" />
    <UnitTestResult executionId="fe6a44c9-c92e-48e1-906b-2f04b0da098e" testId="e16d1e7d-bb0c-749a-42f4-06c2b4b34230" testName="GetAllTripsByUsedIdAsync_ReturnsDataFromCache_IfPresent" computerName="BG-L-5003591" duration="00:00:00.0019640" startTime="2023-12-13T15:30:50.9446635+02:00" endTime="2023-12-13T15:30:50.9466274+02:00" testType="13cdc9d9-ddb5-4fa4-a97d-d965ccfc6d4b" outcome="Passed" testListId="8c84fa94-04c1-424b-9868-57a2d4851a1d" relativeResultsDirectory="fe6a44c9-c92e-48e1-906b-2f04b0da098e" />
    <UnitTestResult executionId="6076386c-9d41-49fe-aeec-a3ae4b3a724a" testId="60cef709-671b-9460-0e8a-034af03a1390" testName="DeleteAsync_ShouldDeleteAEntity" computerName="BG-L-5003591" duration="00:00:00.0048260" startTime="2023-12-13T15:30:50.6954043+02:00" endTime="2023-12-13T15:30:50.7002300+02:00" testType="13cdc9d9-ddb5-4fa4-a97d-d965ccfc6d4b" outcome="Passed" testListId="8c84fa94-04c1-424b-9868-57a2d4851a1d" relativeResultsDirectory="6076386c-9d41-49fe-aeec-a3ae4b3a724a" />
    <UnitTestResult executionId="b065067d-47bb-4110-8918-4507296aa89c" testId="eae50aed-f1ae-fde7-0ff2-4f1b9b3f6852" testName="GenerateUserAuthClaims_ShouldReturn_UserAuthClaims" computerName="BG-L-5003591" duration="00:00:00.0012680" startTime="2023-12-13T15:30:50.1964296+02:00" endTime="2023-12-13T15:30:50.1976971+02:00" testType="13cdc9d9-ddb5-4fa4-a97d-d965ccfc6d4b" outcome="Passed" testListId="8c84fa94-04c1-424b-9868-57a2d4851a1d" relativeResultsDirectory="b065067d-47bb-4110-8918-4507296aa89c" />
    <UnitTestResult executionId="1989dce9-7a70-4618-b05f-5ec1b3bfed14" testId="8491e3d2-7798-3156-a76e-5ca4fab0403a" testName="IsUserOwnerOfVehicleAsync_ShouldReturnFalse_WhenUserIsNotVehicleOwner" computerName="BG-L-5003591" duration="00:00:00.0048550" startTime="2023-12-13T15:30:51.2385650+02:00" endTime="2023-12-13T15:30:51.2434197+02:00" testType="13cdc9d9-ddb5-4fa4-a97d-d965ccfc6d4b" outcome="Passed" testListId="8c84fa94-04c1-424b-9868-57a2d4851a1d" relativeResultsDirectory="1989dce9-7a70-4618-b05f-5ec1b3bfed14" />
    <UnitTestResult executionId="89dc6641-4421-47e0-92a7-694749067019" testId="0ad62df1-60d9-4199-2b78-a437947809ca" testName="RetrieveTripRecordsByPageAsync_CurrentPageOutOfBounds_ReturnsEmptyList" computerName="BG-L-5003591" duration="00:00:00.0027039" startTime="2023-12-13T15:30:51.0279815+02:00" endTime="2023-12-13T15:30:51.0306849+02:00" testType="13cdc9d9-ddb5-4fa4-a97d-d965ccfc6d4b" outcome="Passed" testListId="8c84fa94-04c1-424b-9868-57a2d4851a1d" relativeResultsDirectory="89dc6641-4421-47e0-92a7-694749067019" />
    <UnitTestResult executionId="4414e776-92ce-4fbc-89fc-fcdbac9c309d" testId="b28c7f42-5ac8-aad3-2ab2-e3d7f739e9ca" testName="GetAllByUserIdAsync_RetrievesFromRepo_WhenCacheIsEmpty" computerName="BG-L-5003591" duration="00:00:00.0283090" startTime="2023-12-13T15:30:50.4995577+02:00" endTime="2023-12-13T15:30:50.5278658+02:00" testType="13cdc9d9-ddb5-4fa4-a97d-d965ccfc6d4b" outcome="Passed" testListId="8c84fa94-04c1-424b-9868-57a2d4851a1d" relativeResultsDirectory="4414e776-92ce-4fbc-89fc-fcdbac9c309d" />
    <UnitTestResult executionId="345ed652-7713-4179-89fe-6ccdbff45d97" testId="d72ff279-c5e5-d351-4d1a-dd39670e4fa3" testName="GetUpcomingUsersTaxesAsync_RetrievesUserUpcomingTrips" computerName="BG-L-5003591" duration="00:00:00.0356730" startTime="2023-12-13T15:30:50.7918081+02:00" endTime="2023-12-13T15:30:50.8274806+02:00" testType="13cdc9d9-ddb5-4fa4-a97d-d965ccfc6d4b" outcome="Passed" testListId="8c84fa94-04c1-424b-9868-57a2d4851a1d" relativeResultsDirectory="345ed652-7713-4179-89fe-6ccdbff45d97" />
    <UnitTestResult executionId="efe3fd8f-76b5-4bae-b60d-9d82d5f87ba9" testId="f9c405af-1538-fe03-15b2-2ffac60977cb" testName="AddAdminAsync_ShouldThrowException_WhenOperationFails" computerName="BG-L-5003591" duration="00:00:00.0082090" startTime="2023-12-13T15:30:49.8149424+02:00" endTime="2023-12-13T15:30:49.8231515+02:00" testType="13cdc9d9-ddb5-4fa4-a97d-d965ccfc6d4b" outcome="Passed" testListId="8c84fa94-04c1-424b-9868-57a2d4851a1d" relativeResultsDirectory="efe3fd8f-76b5-4bae-b60d-9d82d5f87ba9" />
    <UnitTestResult executionId="068dbf8d-8809-4b32-80d8-b1b6b56fe909" testId="c2fa687c-c980-b770-9848-77d41bd86ed7" testName="GetAllUserTripsCostAsync_RetrievesFromRepo_WhenCacheIsEmpty" computerName="BG-L-5003591" duration="00:00:00.0047960" startTime="2023-12-13T15:30:50.7437625+02:00" endTime="2023-12-13T15:30:50.7485578+02:00" testType="13cdc9d9-ddb5-4fa4-a97d-d965ccfc6d4b" outcome="Passed" testListId="8c84fa94-04c1-424b-9868-57a2d4851a1d" relativeResultsDirectory="068dbf8d-8809-4b32-80d8-b1b6b56fe909" />
    <UnitTestResult executionId="5acd5914-1a37-4448-83ff-a771a74a3acc" testId="19905c67-18c1-9ada-f8aa-68010d6eea4e" testName="GetLastNCountAsync_ReturnsDataFromCache_IfPresent" computerName="BG-L-5003591" duration="00:00:00.0017270" startTime="2023-12-13T15:30:50.5959310+02:00" endTime="2023-12-13T15:30:50.5976575+02:00" testType="13cdc9d9-ddb5-4fa4-a97d-d965ccfc6d4b" outcome="Passed" testListId="8c84fa94-04c1-424b-9868-57a2d4851a1d" relativeResultsDirectory="5acd5914-1a37-4448-83ff-a771a74a3acc" />
    <UnitTestResult executionId="c3442661-3f9b-4019-af96-1b3611552fc1" testId="83838238-1094-0f73-6853-564bb8cadcb5" testName="IsUserRefreshTokenExpiredAsync_ShouldReturnTrue_WhenTokenIsExpired" computerName="BG-L-5003591" duration="00:00:00.0321180" startTime="2023-12-13T15:30:50.3270130+02:00" endTime="2023-12-13T15:30:50.3591310+02:00" testType="13cdc9d9-ddb5-4fa4-a97d-d965ccfc6d4b" outcome="Failed" testListId="8c84fa94-04c1-424b-9868-57a2d4851a1d" relativeResultsDirectory="c3442661-3f9b-4019-af96-1b3611552fc1">
      <Output>
        <ErrorInfo>
          <Message>  Expected: True&#xD;
  But was:  False&#xD;
</Message>
          <StackTrace>   at CarCare_Companion.Tests.Unit_Tests.Services.RefreshTokenServiceTests.IsUserRefreshTokenExpiredAsync_ShouldReturnTrue_WhenTokenIsExpired() in C:\Users\bghrpis\Desktop\Work\CarCare-Companion\Server\CarCare-Companion\CarCare-Companion.Tests\Unit Tests\Services\RefreshTokenServiceTests.cs:line 177&#xD;
   at NUnit.Framework.Internal.TaskAwaitAdapter.GenericAdapter`1.GetResult()&#xD;
   at NUnit.Framework.Internal.AsyncToSyncAdapter.Await(Func`1 invoke)&#xD;
   at NUnit.Framework.Internal.Commands.TestMethodCommand.RunTestMethod(TestExecutionContext context)&#xD;
   at NUnit.Framework.Internal.Commands.TestMethodCommand.Execute(TestExecutionContext context)&#xD;
   at NUnit.Framework.Internal.Commands.BeforeAndAfterTestCommand.&lt;&gt;c__DisplayClass1_0.&lt;Execute&gt;b__0()&#xD;
   at NUnit.Framework.Internal.Commands.DelegatingTestCommand.RunTestMethodInThreadAbortSafeZone(TestExecutionContext context, Action action)&#xD;

1)    at CarCare_Companion.Tests.Unit_Tests.Services.RefreshTokenServiceTests.IsUserRefreshTokenExpiredAsync_ShouldReturnTrue_WhenTokenIsExpired() in C:\Users\bghrpis\Desktop\Work\CarCare-Companion\Server\CarCare-Companion\CarCare-Companion.Tests\Unit Tests\Services\RefreshTokenServiceTests.cs:line 177&#xD;
   at System.Runtime.CompilerServices.AsyncMethodBuilderCore.Start[TStateMachine](TStateMachine&amp; stateMachine)&#xD;
   at CarCare_Companion.Tests.Unit_Tests.Services.RefreshTokenServiceTests.IsUserRefreshTokenExpiredAsync_ShouldReturnTrue_WhenTokenIsExpired()&#xD;

</StackTrace>
        </ErrorInfo>
      </Output>
    </UnitTestResult>
    <UnitTestResult executionId="c4eff912-e0ac-4b79-b03f-1c11aab1d570" testId="98c35398-756f-3a6b-aaf0-68144215b400" testName="UserLogin_ShouldReturnCorrectData" computerName="BG-L-5003591" duration="00:00:00.3041920" startTime="2023-12-13T15:30:49.8553223+02:00" endTime="2023-12-13T15:30:50.1595141+02:00" testType="13cdc9d9-ddb5-4fa4-a97d-d965ccfc6d4b" outcome="Passed" testListId="8c84fa94-04c1-424b-9868-57a2d4851a1d" relativeResultsDirectory="c4eff912-e0ac-4b79-b03f-1c11aab1d570" />
    <UnitTestResult executionId="950e912b-6e2c-432b-91c9-50bffaac5a6a" testId="260d0c50-e1fe-87b6-f834-1755e00623b2" testName="UserLogin_ShouldThrowError_IfUserIsNotFound" computerName="BG-L-5003591" duration="00:00:00.0067150" startTime="2023-12-13T15:30:50.1638812+02:00" endTime="2023-12-13T15:30:50.1705964+02:00" testType="13cdc9d9-ddb5-4fa4-a97d-d965ccfc6d4b" outcome="Passed" testListId="8c84fa94-04c1-424b-9868-57a2d4851a1d" relativeResultsDirectory="950e912b-6e2c-432b-91c9-50bffaac5a6a" />
    <UnitTestResult executionId="ae16d30c-cd97-4776-be8c-86928c84ab6e" testId="cd1aa594-1494-a09d-9dff-4d2f115a294c" testName="DoesRecordExistByIdAsync_ReturnTrue_WhenRecordExists" computerName="BG-L-5003591" duration="00:00:00.0018360" startTime="2023-12-13T15:30:50.7061464+02:00" endTime="2023-12-13T15:30:50.7079823+02:00" testType="13cdc9d9-ddb5-4fa4-a97d-d965ccfc6d4b" outcome="Passed" testListId="8c84fa94-04c1-424b-9868-57a2d4851a1d" relativeResultsDirectory="ae16d30c-cd97-4776-be8c-86928c84ab6e" />
    <UnitTestResult executionId="e73c32f2-1e69-4249-8503-e878e0aff95c" testId="6b2eaf40-39fc-5cfb-2a48-1cff09011fa4" testName="DoesRecordExistByIdAsync_ReturnFalse_WhenRecordDoesntExists" computerName="BG-L-5003591" duration="00:00:00.0058300" startTime="2023-12-13T15:30:50.7002636+02:00" endTime="2023-12-13T15:30:50.7060935+02:00" testType="13cdc9d9-ddb5-4fa4-a97d-d965ccfc6d4b" outcome="Passed" testListId="8c84fa94-04c1-424b-9868-57a2d4851a1d" relativeResultsDirectory="e73c32f2-1e69-4249-8503-e878e0aff95c" />
    <UnitTestResult executionId="7c6aca8a-e0f9-4e5b-a142-0c0359462044" testId="8adf5bff-33ec-ac46-2040-8e31dba0f0ff" testName="AllUserVehiclesByIdAsync_RetrievesFromRepo_WhenCacheIsEmpty" computerName="BG-L-5003591" duration="00:00:00.0100200" startTime="2023-12-13T15:30:51.1198899+02:00" endTime="2023-12-13T15:30:51.1299097+02:00" testType="13cdc9d9-ddb5-4fa4-a97d-d965ccfc6d4b" outcome="Passed" testListId="8c84fa94-04c1-424b-9868-57a2d4851a1d" relativeResultsDirectory="7c6aca8a-e0f9-4e5b-a142-0c0359462044" />
    <UnitTestResult executionId="b051af45-1ffa-4f23-a6bd-a1f55dbbff75" testId="9556d3b2-8496-6214-66eb-39e9ecd2d1fe" testName="GetUpcomingTaxesAsync_ReturnsDataFromCache_IfPresent" computerName="BG-L-5003591" duration="00:00:00.0022120" startTime="2023-12-13T15:30:50.7895550+02:00" endTime="2023-12-13T15:30:50.7917666+02:00" testType="13cdc9d9-ddb5-4fa4-a97d-d965ccfc6d4b" outcome="Passed" testListId="8c84fa94-04c1-424b-9868-57a2d4851a1d" relativeResultsDirectory="b051af45-1ffa-4f23-a6bd-a1f55dbbff75" />
    <UnitTestResult executionId="3af50703-b38d-403e-bc52-1a0581cb69c0" testId="55e9bc18-2004-12a3-ee22-6f182bbd5081" testName="GetAllByUserIdAsync_ReturnsDataFromCache_IfPresent" computerName="BG-L-5003591" duration="00:00:00.0017460" startTime="2023-12-13T15:30:51.0582578+02:00" endTime="2023-12-13T15:30:51.0600032+02:00" testType="13cdc9d9-ddb5-4fa4-a97d-d965ccfc6d4b" outcome="Passed" testListId="8c84fa94-04c1-424b-9868-57a2d4851a1d" relativeResultsDirectory="3af50703-b38d-403e-bc52-1a0581cb69c0" />
    <UnitTestResult executionId="c97dd434-e672-48c8-b2a7-a9fb8e190511" testId="2a64e3d0-29dc-8bdb-2a0b-31a3a0e3c2b2" testName="RefreshJWTTokenAsync_ShouldThrowArgumentNullException_WhenUserDoesntExists" computerName="BG-L-5003591" duration="00:00:00.0020100" startTime="2023-12-13T15:30:50.2082703+02:00" endTime="2023-12-13T15:30:50.2102797+02:00" testType="13cdc9d9-ddb5-4fa4-a97d-d965ccfc6d4b" outcome="Passed" testListId="8c84fa94-04c1-424b-9868-57a2d4851a1d" relativeResultsDirectory="c97dd434-e672-48c8-b2a7-a9fb8e190511" />
    <UnitTestResult executionId="eb577bd3-b564-4519-ba5e-3b1c4c238027" testId="8bc75845-4b59-731e-1d8a-4caf98aa8332" testName="AllFuelTypesAsync_ReturnsDataFromCache_IfPresent" computerName="BG-L-5003591" duration="00:00:00.0018920" startTime="2023-12-13T15:30:51.1179733+02:00" endTime="2023-12-13T15:30:51.1198650+02:00" testType="13cdc9d9-ddb5-4fa4-a97d-d965ccfc6d4b" outcome="Passed" testListId="8c84fa94-04c1-424b-9868-57a2d4851a1d" relativeResultsDirectory="eb577bd3-b564-4519-ba5e-3b1c4c238027" />
    <UnitTestResult executionId="7aac5b39-45ab-47ec-a614-30c234e11f26" testId="a2b237b6-87a9-6448-ea64-80f7d7cb4570" testName="IsUserRecordCreatorAsync_ShouldReturnTrue_WhenUserIsServiceRecordCreator" computerName="BG-L-5003591" duration="00:00:00.0021510" startTime="2023-12-13T15:30:50.6211713+02:00" endTime="2023-12-13T15:30:50.6233217+02:00" testType="13cdc9d9-ddb5-4fa4-a97d-d965ccfc6d4b" outcome="Passed" testListId="8c84fa94-04c1-424b-9868-57a2d4851a1d" relativeResultsDirectory="7aac5b39-45ab-47ec-a614-30c234e11f26" />
    <UnitTestResult executionId="b2f10db1-1488-42ed-a378-dfbbaa9ae8b6" testId="441a1507-4d2e-9826-2bc1-94f4b7fb5366" testName="DeleteAsync_ShouldDeleteAEntity" computerName="BG-L-5003591" duration="00:00:00.0339950" startTime="2023-12-13T15:30:51.1450826+02:00" endTime="2023-12-13T15:30:51.1790776+02:00" testType="13cdc9d9-ddb5-4fa4-a97d-d965ccfc6d4b" outcome="Passed" testListId="8c84fa94-04c1-424b-9868-57a2d4851a1d" relativeResultsDirectory="b2f10db1-1488-42ed-a378-dfbbaa9ae8b6" />
    <UnitTestResult executionId="69f6053d-a0f1-4822-a900-03166e159afa" testId="9721586d-aa38-2acf-dc6f-9ad46059249a" testName="DoesRecordExistByIdAsync_ReturnTrue_WhenRecordExists" computerName="BG-L-5003591" duration="00:00:00.0018580" startTime="2023-12-13T15:30:50.4933684+02:00" endTime="2023-12-13T15:30:50.4952255+02:00" testType="13cdc9d9-ddb5-4fa4-a97d-d965ccfc6d4b" outcome="Passed" testListId="8c84fa94-04c1-424b-9868-57a2d4851a1d" relativeResultsDirectory="69f6053d-a0f1-4822-a900-03166e159afa" />
    <UnitTestResult executionId="1a2eade9-6455-4f34-a021-4867a67f6532" testId="9c9ec3ab-341e-be27-a7d5-65ce0384719a" testName="DoesRecordExistByIdAsync_ReturnFalse_WhenRecordDoesntExists" computerName="BG-L-5003591" duration="00:00:00.0042690" startTime="2023-12-13T15:30:50.4890711+02:00" endTime="2023-12-13T15:30:50.4933402+02:00" testType="13cdc9d9-ddb5-4fa4-a97d-d965ccfc6d4b" outcome="Passed" testListId="8c84fa94-04c1-424b-9868-57a2d4851a1d" relativeResultsDirectory="1a2eade9-6455-4f34-a021-4867a67f6532" />
    <UnitTestResult executionId="ca8e4f77-aebf-4459-b0e8-d4f42d39dd0c" testId="efff7e67-0e4e-9c0b-137a-f44a297b06af" testName="RetrieveServiceRecordsByPageAsync_EmptyList_ReturnsEmptyList" computerName="BG-L-5003591" duration="00:00:00.0116790" startTime="2023-12-13T15:30:50.6525933+02:00" endTime="2023-12-13T15:30:50.6642723+02:00" testType="13cdc9d9-ddb5-4fa4-a97d-d965ccfc6d4b" outcome="Passed" testListId="8c84fa94-04c1-424b-9868-57a2d4851a1d" relativeResultsDirectory="ca8e4f77-aebf-4459-b0e8-d4f42d39dd0c" />
    <UnitTestResult executionId="477bb7b9-93cf-4827-8273-47ab4c9c150a" testId="1d930994-0015-81c0-0785-214c789d0f48" testName="DeleteAsync_ShouldDeleteAEntity" computerName="BG-L-5003591" duration="00:00:00.0031300" startTime="2023-12-13T15:30:50.9051079+02:00" endTime="2023-12-13T15:30:50.9082380+02:00" testType="13cdc9d9-ddb5-4fa4-a97d-d965ccfc6d4b" outcome="Passed" testListId="8c84fa94-04c1-424b-9868-57a2d4851a1d" relativeResultsDirectory="477bb7b9-93cf-4827-8273-47ab4c9c150a" />
    <UnitTestResult executionId="27e9b456-12a2-4635-ada2-9dcb3c7d3a24" testId="2683aa85-e669-f312-ee64-992c8a43f58e" testName="AllVehicleTypesAsync_ReturnsDataFromCache_IfPresent" computerName="BG-L-5003591" duration="00:00:00.0022100" startTime="2023-12-13T15:30:51.1400813+02:00" endTime="2023-12-13T15:30:51.1422915+02:00" testType="13cdc9d9-ddb5-4fa4-a97d-d965ccfc6d4b" outcome="Passed" testListId="8c84fa94-04c1-424b-9868-57a2d4851a1d" relativeResultsDirectory="27e9b456-12a2-4635-ada2-9dcb3c7d3a24" />
    <UnitTestResult executionId="d0f8578f-3989-439c-8b3a-28c654b12b72" testId="c61df19c-0ed5-1e79-15fc-8cf49d50e3f1" testName="AddAdminAsync_ShouldAddUser_ToAdminRole" computerName="BG-L-5003591" duration="00:00:00.4293230" startTime="2023-12-13T15:30:49.3855744+02:00" endTime="2023-12-13T15:30:49.8148965+02:00" testType="13cdc9d9-ddb5-4fa4-a97d-d965ccfc6d4b" outcome="Passed" testListId="8c84fa94-04c1-424b-9868-57a2d4851a1d" relativeResultsDirectory="d0f8578f-3989-439c-8b3a-28c654b12b72" />
    <UnitTestResult executionId="70d8ffc5-dcf3-4cd4-9ae3-28040b14d68a" testId="05c92c15-c756-6c60-7291-2bb35edad330" testName="EditAsync_WhenCalled_EditsAVehicle" computerName="BG-L-5003591" duration="00:00:00.0042030" startTime="2023-12-13T15:30:50.4952520+02:00" endTime="2023-12-13T15:30:50.4994540+02:00" testType="13cdc9d9-ddb5-4fa4-a97d-d965ccfc6d4b" outcome="Passed" testListId="8c84fa94-04c1-424b-9868-57a2d4851a1d" relativeResultsDirectory="70d8ffc5-dcf3-4cd4-9ae3-28040b14d68a" />
    <UnitTestResult executionId="186cea51-913c-4db2-8657-d559fee90a18" testId="71b1f8cb-d5d2-658c-1569-e702bbe253a9" testName="RetrieveTaxRecordsByPageAsync_CurrentPageOutOfBounds_ReturnsEmptyList" computerName="BG-L-5003591" duration="00:00:00.0026809" startTime="2023-12-13T15:30:50.8568798+02:00" endTime="2023-12-13T15:30:50.8595608+02:00" testType="13cdc9d9-ddb5-4fa4-a97d-d965ccfc6d4b" outcome="Passed" testListId="8c84fa94-04c1-424b-9868-57a2d4851a1d" relativeResultsDirectory="186cea51-913c-4db2-8657-d559fee90a18" />
    <UnitTestResult executionId="1e9d8ead-ea14-4835-8e2b-1836e26e2db9" testId="3d10a867-9354-67cc-f51f-4d2ac58a535f" testName="RetrieveServiceRecordsByPageAsync_CurrentPageOutOfBounds_ReturnsEmptyList" computerName="BG-L-5003591" duration="00:00:00.0066400" startTime="2023-12-13T15:30:50.6458980+02:00" endTime="2023-12-13T15:30:50.6525372+02:00" testType="13cdc9d9-ddb5-4fa4-a97d-d965ccfc6d4b" outcome="Passed" testListId="8c84fa94-04c1-424b-9868-57a2d4851a1d" relativeResultsDirectory="1e9d8ead-ea14-4835-8e2b-1836e26e2db9" />
    <UnitTestResult executionId="91ec08dc-cd07-47ca-834a-1996b9881f83" testId="48fe7960-e7ac-dec8-3ea9-b9204f424a43" testName="GetLastNCountAsync_ShouldRetrieveNRecords" computerName="BG-L-5003591" duration="00:00:00.0160170" startTime="2023-12-13T15:30:50.9733920+02:00" endTime="2023-12-13T15:30:50.9894082+02:00" testType="13cdc9d9-ddb5-4fa4-a97d-d965ccfc6d4b" outcome="Passed" testListId="8c84fa94-04c1-424b-9868-57a2d4851a1d" relativeResultsDirectory="91ec08dc-cd07-47ca-834a-1996b9881f83" />
    <UnitTestResult executionId="1a7d24ec-bb10-48bc-88cb-ffa1b7268250" testId="b62799b2-ae49-9779-e73d-8a176301a857" testName="DoesFuelTypeExistAsync_ShouldReturnTrue_WhenFuelTypeExists" computerName="BG-L-5003591" duration="00:00:00.0020799" startTime="2023-12-13T15:30:51.1871376+02:00" endTime="2023-12-13T15:30:51.1892166+02:00" testType="13cdc9d9-ddb5-4fa4-a97d-d965ccfc6d4b" outcome="Passed" testListId="8c84fa94-04c1-424b-9868-57a2d4851a1d" relativeResultsDirectory="1a7d24ec-bb10-48bc-88cb-ffa1b7268250" />
    <UnitTestResult executionId="a4a0226c-650a-4c06-aa99-9f1e86461bbc" testId="01689892-e21a-9b27-aacb-7a0e94b5dc48" testName="GetAllUserTripsCostAsync_ReturnsDataFromCache_IfPresent" computerName="BG-L-5003591" duration="00:00:00.0017490" startTime="2023-12-13T15:30:50.9598015+02:00" endTime="2023-12-13T15:30:50.9615500+02:00" testType="13cdc9d9-ddb5-4fa4-a97d-d965ccfc6d4b" outcome="Passed" testListId="8c84fa94-04c1-424b-9868-57a2d4851a1d" relativeResultsDirectory="a4a0226c-650a-4c06-aa99-9f1e86461bbc" />
    <UnitTestResult executionId="9aba568d-1504-4cdc-9a09-52a49c90f9e3" testId="71f2b125-dcf3-a55f-9340-d36d7e63aca3" testName="DoesTripExistByIdAsync_ShouldReturnTrue_WhenTripExists" computerName="BG-L-5003591" duration="00:00:00.0040520" startTime="2023-12-13T15:30:50.9141733+02:00" endTime="2023-12-13T15:30:50.9182244+02:00" testType="13cdc9d9-ddb5-4fa4-a97d-d965ccfc6d4b" outcome="Passed" testListId="8c84fa94-04c1-424b-9868-57a2d4851a1d" relativeResultsDirectory="9aba568d-1504-4cdc-9a09-52a49c90f9e3" />
    <UnitTestResult executionId="9b669210-dec5-45d7-b6f4-d7f9c9f70078" testId="d8ec0e69-8c41-b6ba-646b-339a81a5b10c" testName="RetrieveAdditionalServiceRecordsByPageAsync_RetrievesCorrectAmountOfRecords" computerName="BG-L-5003591" duration="00:00:00.0037390" startTime="2023-12-13T15:30:50.6398790+02:00" endTime="2023-12-13T15:30:50.6436178+02:00" testType="13cdc9d9-ddb5-4fa4-a97d-d965ccfc6d4b" outcome="Passed" testListId="8c84fa94-04c1-424b-9868-57a2d4851a1d" relativeResultsDirectory="9b669210-dec5-45d7-b6f4-d7f9c9f70078" />
    <UnitTestResult executionId="14cfac5a-330c-4bf1-b7c8-7b9c51d2ea17" testId="d7f6b0f7-5f67-ef1f-bcf8-30b26f78f0af" testName="GetAllByUserIdForSearchAsync_RetrievesUserRecords_AsQueryable" computerName="BG-L-5003591" duration="00:00:00.0067930" startTime="2023-12-13T15:30:50.9212060+02:00" endTime="2023-12-13T15:30:50.9279989+02:00" testType="13cdc9d9-ddb5-4fa4-a97d-d965ccfc6d4b" outcome="Passed" testListId="8c84fa94-04c1-424b-9868-57a2d4851a1d" relativeResultsDirectory="14cfac5a-330c-4bf1-b7c8-7b9c51d2ea17" />
    <UnitTestResult executionId="6b6987b9-1211-476f-b7de-5bb48d54ffa9" testId="e4ade2ed-3bbb-1fd7-783b-4e8e1b011388" testName="DoesAdExistAsync_WhenAdExists_ReturnsFalse" computerName="BG-L-5003591" duration="00:00:02.4040070" startTime="2023-12-13T15:30:46.8133324+02:00" endTime="2023-12-13T15:30:49.2169673+02:00" testType="13cdc9d9-ddb5-4fa4-a97d-d965ccfc6d4b" outcome="Passed" testListId="8c84fa94-04c1-424b-9868-57a2d4851a1d" relativeResultsDirectory="6b6987b9-1211-476f-b7de-5bb48d54ffa9" />
    <UnitTestResult executionId="08394997-55ba-43a3-9518-8fc1cca5837d" testId="df619afa-787b-6816-90f6-c3ebc4c3d0de" testName="AddImageToVehicle_WithNonExistingVehicle_ReturnsFalse" computerName="BG-L-5003591" duration="00:00:00.0081590" startTime="2023-12-13T15:30:51.1020146+02:00" endTime="2023-12-13T15:30:51.1101722+02:00" testType="13cdc9d9-ddb5-4fa4-a97d-d965ccfc6d4b" outcome="Passed" testListId="8c84fa94-04c1-424b-9868-57a2d4851a1d" relativeResultsDirectory="08394997-55ba-43a3-9518-8fc1cca5837d" />
    <UnitTestResult executionId="0fc222f6-6c52-4b2b-a9a1-b4f38a312955" testId="6d503ffd-83c0-8da1-aa4e-2ee3db9a6b1b" testName="DoesVehicleTypeExistAsync_ShouldReturnTrue_WhenVehicleTypeExists" computerName="BG-L-5003591" duration="00:00:00.0035670" startTime="2023-12-13T15:30:51.2021998+02:00" endTime="2023-12-13T15:30:51.2057661+02:00" testType="13cdc9d9-ddb5-4fa4-a97d-d965ccfc6d4b" outcome="Passed" testListId="8c84fa94-04c1-424b-9868-57a2d4851a1d" relativeResultsDirectory="0fc222f6-6c52-4b2b-a9a1-b4f38a312955" />
    <UnitTestResult executionId="219249e7-0dc2-487a-a4fe-5a0044e68a2a" testId="ef2e0a3f-0d6f-7590-19fc-8d1480c39eb5" testName="GetAllUserTaxRecordsCostAsync_ReturnsDataFromCache_IfPresent" computerName="BG-L-5003591" duration="00:00:00.0023430" startTime="2023-12-13T15:30:50.7413960+02:00" endTime="2023-12-13T15:30:50.7437387+02:00" testType="13cdc9d9-ddb5-4fa4-a97d-d965ccfc6d4b" outcome="Passed" testListId="8c84fa94-04c1-424b-9868-57a2d4851a1d" relativeResultsDirectory="219249e7-0dc2-487a-a4fe-5a0044e68a2a" />
    <UnitTestResult executionId="8a7c3aa0-422a-4b82-98aa-0133673fbcf8" testId="34f49f0e-0337-7774-549c-3f462ae40435" testName="RetrieveAdditionaServiceRecordsByPageAsync_CurrentPageOutOfBounds_ReturnsEmptyList" computerName="BG-L-5003591" duration="00:00:00.0022310" startTime="2023-12-13T15:30:50.6436444+02:00" endTime="2023-12-13T15:30:50.6458753+02:00" testType="13cdc9d9-ddb5-4fa4-a97d-d965ccfc6d4b" outcome="Passed" testListId="8c84fa94-04c1-424b-9868-57a2d4851a1d" relativeResultsDirectory="8a7c3aa0-422a-4b82-98aa-0133673fbcf8" />
    <UnitTestResult executionId="52b54267-50a8-4fa9-96d1-4cdbab1bd22a" testId="44c6a02f-3f83-f532-098d-275974fcd9fa" testName="GetFiveAsync_ReturnsDataFromCache_IfPresent" computerName="BG-L-5003591" duration="00:00:00.0021310" startTime="2023-12-13T15:30:49.3797478+02:00" endTime="2023-12-13T15:30:49.3818784+02:00" testType="13cdc9d9-ddb5-4fa4-a97d-d965ccfc6d4b" outcome="Passed" testListId="8c84fa94-04c1-424b-9868-57a2d4851a1d" relativeResultsDirectory="52b54267-50a8-4fa9-96d1-4cdbab1bd22a" />
    <UnitTestResult executionId="179478be-09f3-4c09-8d30-4def95791050" testId="8c4eea62-de58-9340-ba3d-0c6b059f1dba" testName="UserRegistration_WithCorrectData" computerName="BG-L-5003591" duration="00:00:00.0045410" startTime="2023-12-13T15:30:50.1810443+02:00" endTime="2023-12-13T15:30:50.1855858+02:00" testType="13cdc9d9-ddb5-4fa4-a97d-d965ccfc6d4b" outcome="Passed" testListId="8c84fa94-04c1-424b-9868-57a2d4851a1d" relativeResultsDirectory="179478be-09f3-4c09-8d30-4def95791050" />
    <UnitTestResult executionId="d8682b80-0ecc-42a5-9ea4-aaba5403d20e" testId="fa5adb67-2bc8-8c9f-75ab-e59c1ecdb8de" testName="GetAllTripsByUsedIdAsync_RetrievesFromRepo_WhenCacheIsEmpty" computerName="BG-L-5003591" duration="00:00:00.0166080" startTime="2023-12-13T15:30:50.9280278+02:00" endTime="2023-12-13T15:30:50.9446351+02:00" testType="13cdc9d9-ddb5-4fa4-a97d-d965ccfc6d4b" outcome="Passed" testListId="8c84fa94-04c1-424b-9868-57a2d4851a1d" relativeResultsDirectory="d8682b80-0ecc-42a5-9ea4-aaba5403d20e" />
    <UnitTestResult executionId="cec820f0-62c5-4ca0-ac73-0fb5ab4b539f" testId="2a66a88b-be38-068b-4370-4bb2d4567c11" testName="DoesUserExistByUsernameAsync_ShouldReturnFalse_IfUserDoesntExists" computerName="BG-L-5003591" duration="00:00:00.0092030" startTime="2023-12-13T15:30:49.8276850+02:00" endTime="2023-12-13T15:30:49.8368873+02:00" testType="13cdc9d9-ddb5-4fa4-a97d-d965ccfc6d4b" outcome="Passed" testListId="8c84fa94-04c1-424b-9868-57a2d4851a1d" relativeResultsDirectory="cec820f0-62c5-4ca0-ac73-0fb5ab4b539f" />
    <UnitTestResult executionId="d452a91c-4193-4f1e-837d-858de8b4f1c2" testId="3a51e8c3-05b2-e990-a940-5a17f68841a1" testName="GetAllUserTripsCountAsync_ReturnsDataFromCache_IfPresent" computerName="BG-L-5003591" duration="00:00:00.0036150" startTime="2023-12-13T15:30:50.9697410+02:00" endTime="2023-12-13T15:30:50.9733554+02:00" testType="13cdc9d9-ddb5-4fa4-a97d-d965ccfc6d4b" outcome="Passed" testListId="8c84fa94-04c1-424b-9868-57a2d4851a1d" relativeResultsDirectory="d452a91c-4193-4f1e-837d-858de8b4f1c2" />
    <UnitTestResult executionId="683de8a1-0368-42a6-82f4-56e134676706" testId="b209e65e-1c62-631d-122b-d8625da49d29" testName="RetrieveAdditionalTaxRecordsByPageAsync_RetrievesCorrectAmountOfRecords" computerName="BG-L-5003591" duration="00:00:00.0048900" startTime="2023-12-13T15:30:50.8474308+02:00" endTime="2023-12-13T15:30:50.8523208+02:00" testType="13cdc9d9-ddb5-4fa4-a97d-d965ccfc6d4b" outcome="Passed" testListId="8c84fa94-04c1-424b-9868-57a2d4851a1d" relativeResultsDirectory="683de8a1-0368-42a6-82f4-56e134676706" />
    <UnitTestResult executionId="c93c1886-bf98-4ecc-9d9f-0054a6fe68fb" testId="6f9bd3f5-a877-846e-c64a-e4c6fe8bd1fa" testName="UserLogin_ShouldReturnCorrectData_WithAdministratorClaim" computerName="BG-L-5003591" duration="00:00:00.0042730" startTime="2023-12-13T15:30:50.1595617+02:00" endTime="2023-12-13T15:30:50.1638345+02:00" testType="13cdc9d9-ddb5-4fa4-a97d-d965ccfc6d4b" outcome="Passed" testListId="8c84fa94-04c1-424b-9868-57a2d4851a1d" relativeResultsDirectory="c93c1886-bf98-4ecc-9d9f-0054a6fe68fb" />
    <UnitTestResult executionId="6906b3b2-dbde-4e62-8859-99d270b37b57" testId="0619c78d-3e0d-9bf5-17ae-086ba5d069e0" testName="GetVehicleEditDetailsAsync_WhenCalled_RetrievesDetailsAboutAVehicle" computerName="BG-L-5003591" duration="00:00:00.0096540" startTime="2023-12-13T15:30:51.2288637+02:00" endTime="2023-12-13T15:30:51.2385171+02:00" testType="13cdc9d9-ddb5-4fa4-a97d-d965ccfc6d4b" outcome="Passed" testListId="8c84fa94-04c1-424b-9868-57a2d4851a1d" relativeResultsDirectory="6906b3b2-dbde-4e62-8859-99d270b37b57" />
    <UnitTestResult executionId="4d1579c6-e57b-4094-b523-9586b89251f0" testId="4a2d2da5-5c6b-2e69-8590-34a559768ef2" testName="DeleteAsync_ShouldDeleteAEntity" computerName="BG-L-5003591" duration="00:00:00.0406450" startTime="2023-12-13T15:30:50.4483961+02:00" endTime="2023-12-13T15:30:50.4890409+02:00" testType="13cdc9d9-ddb5-4fa4-a97d-d965ccfc6d4b" outcome="Passed" testListId="8c84fa94-04c1-424b-9868-57a2d4851a1d" relativeResultsDirectory="4d1579c6-e57b-4094-b523-9586b89251f0" />
    <UnitTestResult executionId="a33da46e-d3e0-4489-9fd9-960fae05050c" testId="15d093f6-bc07-fe41-7250-a85b31ecb8e7" testName="GetRecentByVehicleId_RetrievesRecentServiceRecordForVehicle" computerName="BG-L-5003591" duration="00:00:00.0161440" startTime="2023-12-13T15:30:50.5976809+02:00" endTime="2023-12-13T15:30:50.6138250+02:00" testType="13cdc9d9-ddb5-4fa4-a97d-d965ccfc6d4b" outcome="Passed" testListId="8c84fa94-04c1-424b-9868-57a2d4851a1d" relativeResultsDirectory="a33da46e-d3e0-4489-9fd9-960fae05050c" />
    <UnitTestResult executionId="40672c2f-f9ee-4d33-8740-1ce2d991e5ef" testId="96ba2b61-3caf-6e5f-d325-cd0668206fd9" testName="RetrieveServiceRecordsByPageAsync_RetrievesCorrectAmountOfRecords" computerName="BG-L-5003591" duration="00:00:00.0057640" startTime="2023-12-13T15:30:50.6643200+02:00" endTime="2023-12-13T15:30:50.6700833+02:00" testType="13cdc9d9-ddb5-4fa4-a97d-d965ccfc6d4b" outcome="Passed" testListId="8c84fa94-04c1-424b-9868-57a2d4851a1d" relativeResultsDirectory="40672c2f-f9ee-4d33-8740-1ce2d991e5ef" />
    <UnitTestResult executionId="60a894e3-55b9-4723-a686-8424eae1667a" testId="1591467e-8a65-0c81-7302-f9c0bc9acd0c" testName="GetAllAsync_RetrievesFromRepo_WhenCacheIsEmpty" computerName="BG-L-5003591" duration="00:00:00.0340340" startTime="2023-12-13T15:30:49.3140622+02:00" endTime="2023-12-13T15:30:49.3480963+02:00" testType="13cdc9d9-ddb5-4fa4-a97d-d965ccfc6d4b" outcome="Passed" testListId="8c84fa94-04c1-424b-9868-57a2d4851a1d" relativeResultsDirectory="60a894e3-55b9-4723-a686-8424eae1667a" />
    <UnitTestResult executionId="040cd918-590a-4cdf-b4dd-c8a83cc35707" testId="82574e62-19e5-404d-0a83-ec2cdfab752c" testName="GetAllUserServiceRecordsCostAsync_ReturnsDataFromCache_IfPresent" computerName="BG-L-5003591" duration="00:00:00.0041350" startTime="2023-12-13T15:30:50.5436674+02:00" endTime="2023-12-13T15:30:50.5478022+02:00" testType="13cdc9d9-ddb5-4fa4-a97d-d965ccfc6d4b" outcome="Passed" testListId="8c84fa94-04c1-424b-9868-57a2d4851a1d" relativeResultsDirectory="040cd918-590a-4cdf-b4dd-c8a83cc35707" />
    <UnitTestResult executionId="dd47cdb5-c6ba-4ed2-9336-62fb4211e321" testId="ecd9ab28-78e2-cda0-a385-8eaeecfc3c9d" testName="GetAllByUserIdAsQueryableAsync_RetrievesUserRecords_AsQueryable" computerName="BG-L-5003591" duration="00:00:00.0078660" startTime="2023-12-13T15:30:50.7105898+02:00" endTime="2023-12-13T15:30:50.7184553+02:00" testType="13cdc9d9-ddb5-4fa4-a97d-d965ccfc6d4b" outcome="Passed" testListId="8c84fa94-04c1-424b-9868-57a2d4851a1d" relativeResultsDirectory="dd47cdb5-c6ba-4ed2-9336-62fb4211e321" />
    <UnitTestResult executionId="83b971b9-69f2-40a2-bcb3-4182cd819434" testId="de77c02b-5fd3-83f7-5782-11c6ffe43995" testName="DoesFuelTypeExistAsync_ShouldReturnFalse_WhenFuelTypeDoesNotExists" computerName="BG-L-5003591" duration="00:00:00.0080040" startTime="2023-12-13T15:30:51.1791037+02:00" endTime="2023-12-13T15:30:51.1871071+02:00" testType="13cdc9d9-ddb5-4fa4-a97d-d965ccfc6d4b" outcome="Passed" testListId="8c84fa94-04c1-424b-9868-57a2d4851a1d" relativeResultsDirectory="83b971b9-69f2-40a2-bcb3-4182cd819434" />
    <UnitTestResult executionId="a6b25d68-7aab-4227-8103-75f5bca9b2d3" testId="20e7ff8a-9a31-d9e7-a7c0-3717df7faeeb" testName="CreateAsync_ShouldAddANewTrip" computerName="BG-L-5003591" duration="00:00:00.0320600" startTime="2023-12-13T15:30:50.8730195+02:00" endTime="2023-12-13T15:30:50.9050791+02:00" testType="13cdc9d9-ddb5-4fa4-a97d-d965ccfc6d4b" outcome="Passed" testListId="8c84fa94-04c1-424b-9868-57a2d4851a1d" relativeResultsDirectory="a6b25d68-7aab-4227-8103-75f5bca9b2d3" />
    <UnitTestResult executionId="a2b3ea2f-31ee-4633-84fe-e4a8dc5c4f47" testId="7ec9b408-478e-83cf-4b48-0fdcf8c587aa" testName="DoesVehicleTypeExistAsync_ShouldReturnFalse_WhenVehicleTypeDoesNotExists" computerName="BG-L-5003591" duration="00:00:00.0074870" startTime="2023-12-13T15:30:51.1946764+02:00" endTime="2023-12-13T15:30:51.2021627+02:00" testType="13cdc9d9-ddb5-4fa4-a97d-d965ccfc6d4b" outcome="Passed" testListId="8c84fa94-04c1-424b-9868-57a2d4851a1d" relativeResultsDirectory="a2b3ea2f-31ee-4633-84fe-e4a8dc5c4f47" />
    <UnitTestResult executionId="b485b371-6066-4eea-89a5-3c818e76b3cb" testId="fffb71e8-8dbb-c0c5-a9f5-91b95eb049cc" testName="RetrieveAdditionalServiceRecordsByPageAsync_EmptyList_ReturnsEmptyList" computerName="BG-L-5003591" duration="00:00:00.0164810" startTime="2023-12-13T15:30:50.6233658+02:00" endTime="2023-12-13T15:30:50.6398462+02:00" testType="13cdc9d9-ddb5-4fa4-a97d-d965ccfc6d4b" outcome="Passed" testListId="8c84fa94-04c1-424b-9868-57a2d4851a1d" relativeResultsDirectory="b485b371-6066-4eea-89a5-3c818e76b3cb" />
    <UnitTestResult executionId="1cf4dd95-2842-4528-9ddf-143a8234380a" testId="14dcd1a4-82a7-e699-3cd0-248b93066847" testName="GetAllUserTripsCountAsync_RetrievesFromRepo_WhenCacheIsEmpty" computerName="BG-L-5003591" duration="00:00:00.0070570" startTime="2023-12-13T15:30:50.7485902+02:00" endTime="2023-12-13T15:30:50.7556466+02:00" testType="13cdc9d9-ddb5-4fa4-a97d-d965ccfc6d4b" outcome="Passed" testListId="8c84fa94-04c1-424b-9868-57a2d4851a1d" relativeResultsDirectory="1cf4dd95-2842-4528-9ddf-143a8234380a" />
    <UnitTestResult executionId="c74f0665-a99b-4d21-8d05-d4860bed53c8" testId="ccca0cb4-5dc6-c3ec-3d16-c10784caea9f" testName="GetDetailsAsync_WhenCalled_ReturnsExpectedCarouselAdResponseModel" computerName="BG-L-5003591" duration="00:00:00.0119250" startTime="2023-12-13T15:30:49.3632405+02:00" endTime="2023-12-13T15:30:49.3751644+02:00" testType="13cdc9d9-ddb5-4fa4-a97d-d965ccfc6d4b" outcome="Passed" testListId="8c84fa94-04c1-424b-9868-57a2d4851a1d" relativeResultsDirectory="c74f0665-a99b-4d21-8d05-d4860bed53c8" />
    <UnitTestResult executionId="c6d0f954-1599-41f2-ad93-dcdacc7b51be" testId="066f9c95-33c4-b755-fd56-27a77eddc136" testName="IsUserOwnerOfVehicleAsync_ShouldReturnTrue_WhenUserIsVehicleOwner" computerName="BG-L-5003591" duration="00:00:00.0020020" startTime="2023-12-13T15:30:51.2434497+02:00" endTime="2023-12-13T15:30:51.2454516+02:00" testType="13cdc9d9-ddb5-4fa4-a97d-d965ccfc6d4b" outcome="Passed" testListId="8c84fa94-04c1-424b-9868-57a2d4851a1d" relativeResultsDirectory="c6d0f954-1599-41f2-ad93-dcdacc7b51be" />
    <UnitTestResult executionId="07f0e7b1-8611-4b7b-a3de-3ec56b7b44c1" testId="9c50eb57-e182-2f34-8487-f43683a6f287" testName="UserLogin_ShouldThrowException_OnInvalidPassword" computerName="BG-L-5003591" duration="00:00:00.0073920" startTime="2023-12-13T15:30:50.1706225+02:00" endTime="2023-12-13T15:30:50.1780142+02:00" testType="13cdc9d9-ddb5-4fa4-a97d-d965ccfc6d4b" outcome="Passed" testListId="8c84fa94-04c1-424b-9868-57a2d4851a1d" relativeResultsDirectory="07f0e7b1-8611-4b7b-a3de-3ec56b7b44c1" />
    <UnitTestResult executionId="1feb8052-517b-4088-9a11-900adbbcb970" testId="ef3dfef4-8583-4e95-f5f4-93c445d90b30" testName="UpdateRefreshTokenAsync_ShouldRefreshTheToken_WhenUserHasOne" computerName="BG-L-5003591" duration="00:00:00.0021740" startTime="2023-12-13T15:30:50.4063236+02:00" endTime="2023-12-13T15:30:50.4084976+02:00" testType="13cdc9d9-ddb5-4fa4-a97d-d965ccfc6d4b" outcome="Passed" testListId="8c84fa94-04c1-424b-9868-57a2d4851a1d" relativeResultsDirectory="1feb8052-517b-4088-9a11-900adbbcb970" />
    <UnitTestResult executionId="4934bbfe-d352-4d6a-bdb5-1bed2ff0598f" testId="f32dd2d4-20b8-2076-5c89-9a8202dd10d2" testName="GetAllUserTripsCostAsync_RetrievesFromRepo_WhenCacheIsEmpty" computerName="BG-L-5003591" duration="00:00:00.0131060" startTime="2023-12-13T15:30:50.9466515+02:00" endTime="2023-12-13T15:30:50.9597569+02:00" testType="13cdc9d9-ddb5-4fa4-a97d-d965ccfc6d4b" outcome="Passed" testListId="8c84fa94-04c1-424b-9868-57a2d4851a1d" relativeResultsDirectory="4934bbfe-d352-4d6a-bdb5-1bed2ff0598f" />
    <UnitTestResult executionId="d68f6088-72e1-49cd-a247-a3c3c01341bb" testId="9032a3da-5715-c886-f19c-47274b0f8f8c" testName="GetAllByUserIdAsync_RetrievesFromRepo_WhenCacheIsEmpty" computerName="BG-L-5003591" duration="00:00:00.0073710" startTime="2023-12-13T15:30:51.0508383+02:00" endTime="2023-12-13T15:30:51.0582090+02:00" testType="13cdc9d9-ddb5-4fa4-a97d-d965ccfc6d4b" outcome="Passed" testListId="8c84fa94-04c1-424b-9868-57a2d4851a1d" relativeResultsDirectory="d68f6088-72e1-49cd-a247-a3c3c01341bb" />
    <UnitTestResult executionId="b2cd4aa4-6e7e-43ef-9082-eb7fb547e9d6" testId="9e0492fb-a8f6-1897-7301-b8ed55a514fa" testName="RetrieveAdditionalTripRecordsByPageAsync_EmptyList_ReturnsEmptyList" computerName="BG-L-5003591" duration="00:00:00.0148000" startTime="2023-12-13T15:30:51.0083117+02:00" endTime="2023-12-13T15:30:51.0231110+02:00" testType="13cdc9d9-ddb5-4fa4-a97d-d965ccfc6d4b" outcome="Passed" testListId="8c84fa94-04c1-424b-9868-57a2d4851a1d" relativeResultsDirectory="b2cd4aa4-6e7e-43ef-9082-eb7fb547e9d6" />
    <UnitTestResult executionId="e6f54fd3-de8b-4a63-a7d2-b6100448f716" testId="b69b1a4d-a5eb-defd-cdbc-33a5d4a151ea" testName="IsUserInRoleAsync_ShouldReturnFalse_IfUserDoesntExists" computerName="BG-L-5003591" duration="00:00:00.0064750" startTime="2023-12-13T15:30:49.8389558+02:00" endTime="2023-12-13T15:30:49.8454314+02:00" testType="13cdc9d9-ddb5-4fa4-a97d-d965ccfc6d4b" outcome="Passed" testListId="8c84fa94-04c1-424b-9868-57a2d4851a1d" relativeResultsDirectory="e6f54fd3-de8b-4a63-a7d2-b6100448f716" />
    <UnitTestResult executionId="ba7412f6-505e-48ab-a3ea-87cec787ac0d" testId="ad95d0fa-6a0f-4edd-d30c-536efa57ff12" testName="GetAllUserTripsCountAsync_ReturnsDataFromCache_IfPresent" computerName="BG-L-5003591" duration="00:00:00.0017170" startTime="2023-12-13T15:30:50.7556766+02:00" endTime="2023-12-13T15:30:50.7573932+02:00" testType="13cdc9d9-ddb5-4fa4-a97d-d965ccfc6d4b" outcome="Passed" testListId="8c84fa94-04c1-424b-9868-57a2d4851a1d" relativeResultsDirectory="ba7412f6-505e-48ab-a3ea-87cec787ac0d" />
    <UnitTestResult executionId="a567abe4-96a0-465d-8eee-5427e4ed3f0c" testId="5e78e048-5b9d-b94a-055d-58ed7faf9ba8" testName="CreateAsync_ShouldAddANewServiceRecord" computerName="BG-L-5003591" duration="00:00:00.0396800" startTime="2023-12-13T15:30:50.4086860+02:00" endTime="2023-12-13T15:30:50.4483658+02:00" testType="13cdc9d9-ddb5-4fa4-a97d-d965ccfc6d4b" outcome="Passed" testListId="8c84fa94-04c1-424b-9868-57a2d4851a1d" relativeResultsDirectory="a567abe4-96a0-465d-8eee-5427e4ed3f0c" />
    <UnitTestResult executionId="bbe8f9b3-a800-4be3-bfab-c24ea88eed56" testId="986708c3-2a7f-6827-66cd-4af234450099" testName="GetAllByUserIdForSearchAsync_RetrievesUserRecords_AsQueryable" computerName="BG-L-5003591" duration="00:00:00.0097240" startTime="2023-12-13T15:30:50.5339114+02:00" endTime="2023-12-13T15:30:50.5436347+02:00" testType="13cdc9d9-ddb5-4fa4-a97d-d965ccfc6d4b" outcome="Passed" testListId="8c84fa94-04c1-424b-9868-57a2d4851a1d" relativeResultsDirectory="bbe8f9b3-a800-4be3-bfab-c24ea88eed56" />
    <UnitTestResult executionId="5b85d379-3914-48cc-a852-851e137a29c9" testId="6c96f1b7-fc31-9e5d-4f72-7ef8a7bb587f" testName="GetVehicleDetailsByIdAsync_ReturnsDataFromCache_IfPresent" computerName="BG-L-5003591" duration="00:00:00.0018080" startTime="2023-12-13T15:30:51.2270308+02:00" endTime="2023-12-13T15:30:51.2288387+02:00" testType="13cdc9d9-ddb5-4fa4-a97d-d965ccfc6d4b" outcome="Passed" testListId="8c84fa94-04c1-424b-9868-57a2d4851a1d" relativeResultsDirectory="5b85d379-3914-48cc-a852-851e137a29c9" />
    <UnitTestResult executionId="9ab7ef38-e836-451a-b0b5-558ddbb72efc" testId="040026dc-2cc2-d49f-44d7-c185e9bb6c1f" testName="IsUserRefreshTokenExpiredAsync_ShouldReturnFalse_WhenTokenIsNotExpired" computerName="BG-L-5003591" duration="00:00:00.0077950" startTime="2023-12-13T15:30:50.3191910+02:00" endTime="2023-12-13T15:30:50.3269854+02:00" testType="13cdc9d9-ddb5-4fa4-a97d-d965ccfc6d4b" outcome="Passed" testListId="8c84fa94-04c1-424b-9868-57a2d4851a1d" relativeResultsDirectory="9ab7ef38-e836-451a-b0b5-558ddbb72efc" />
    <UnitTestResult executionId="126e5a56-54c2-4479-9e1b-c66bcc67dba1" testId="1c998b43-4c0c-8a32-74de-ce0b5314aa7c" testName="GetEditDetailsByIdAsync_ShouldReturnServiceRecordDetails" computerName="BG-L-5003591" duration="00:00:00.0082720" startTime="2023-12-13T15:30:50.5690349+02:00" endTime="2023-12-13T15:30:50.5773067+02:00" testType="13cdc9d9-ddb5-4fa4-a97d-d965ccfc6d4b" outcome="Passed" testListId="8c84fa94-04c1-424b-9868-57a2d4851a1d" relativeResultsDirectory="126e5a56-54c2-4479-9e1b-c66bcc67dba1" />
    <UnitTestResult executionId="fc8aa017-2215-4e84-a186-2b2e9e8d6575" testId="807c7f4a-5bad-ed62-01c5-69d3f6115b6f" testName="DoesUserExistByUsernameAsync_ShouldReturnTrue_IfUserExists" computerName="BG-L-5003591" duration="00:00:00.0020079" startTime="2023-12-13T15:30:49.8369211+02:00" endTime="2023-12-13T15:30:49.8389284+02:00" testType="13cdc9d9-ddb5-4fa4-a97d-d965ccfc6d4b" outcome="Passed" testListId="8c84fa94-04c1-424b-9868-57a2d4851a1d" relativeResultsDirectory="fc8aa017-2215-4e84-a186-2b2e9e8d6575" />
    <UnitTestResult executionId="d151770b-33ad-40df-9101-0f1ac1a058c1" testId="1f189c1a-d455-07a1-ba57-62ffdd3da2e0" testName="GetAllByUserIdAsync_ReturnsDataFromCache_IfPresent" computerName="BG-L-5003591" duration="00:00:00.0059820" startTime="2023-12-13T15:30:50.5278956+02:00" endTime="2023-12-13T15:30:50.5338771+02:00" testType="13cdc9d9-ddb5-4fa4-a97d-d965ccfc6d4b" outcome="Passed" testListId="8c84fa94-04c1-424b-9868-57a2d4851a1d" relativeResultsDirectory="d151770b-33ad-40df-9101-0f1ac1a058c1" />
    <UnitTestResult executionId="036e4b61-8652-43c2-b7c1-35ebe2e01eb1" testId="9a1cc51a-e316-2ef9-b45b-584a85521174" testName="DoesVehicleExistByIdAsync_ShouldReturnTrue_WhenVehicleExists" computerName="BG-L-5003591" duration="00:00:00.0017200" startTime="2023-12-13T15:30:51.1929344+02:00" endTime="2023-12-13T15:30:51.1946542+02:00" testType="13cdc9d9-ddb5-4fa4-a97d-d965ccfc6d4b" outcome="Passed" testListId="8c84fa94-04c1-424b-9868-57a2d4851a1d" relativeResultsDirectory="036e4b61-8652-43c2-b7c1-35ebe2e01eb1" />
    <UnitTestResult executionId="473f372a-3ab9-427b-813a-bed54cdb52bd" testId="cc90f30c-94f7-3c7a-6216-69aabde5ab75" testName="GetRefreshTokenOwnerAsync_ShouldReturnUsername_WhenUserExists" computerName="BG-L-5003591" duration="00:00:00.0605760" startTime="2023-12-13T15:30:50.2585878+02:00" endTime="2023-12-13T15:30:50.3191627+02:00" testType="13cdc9d9-ddb5-4fa4-a97d-d965ccfc6d4b" outcome="Passed" testListId="8c84fa94-04c1-424b-9868-57a2d4851a1d" relativeResultsDirectory="473f372a-3ab9-427b-813a-bed54cdb52bd" />
    <UnitTestResult executionId="1bb028bf-e23f-41a7-a9e2-393edd363359" testId="dc2b0911-3b33-8b38-5a38-7aaa6ba2508a" testName="GetAllByUserIdAsync_ReturnsDataFromCache_IfPresent" computerName="BG-L-5003591" duration="00:00:00.0018230" startTime="2023-12-13T15:30:50.7395527+02:00" endTime="2023-12-13T15:30:50.7413750+02:00" testType="13cdc9d9-ddb5-4fa4-a97d-d965ccfc6d4b" outcome="Passed" testListId="8c84fa94-04c1-424b-9868-57a2d4851a1d" relativeResultsDirectory="1bb028bf-e23f-41a7-a9e2-393edd363359" />
    <UnitTestResult executionId="d28bf4d2-c22d-4e86-ba14-a270ef7eda1f" testId="083d4f20-3cc2-5525-8ac7-2953d10deaa0" testName="RetrieveAdditionaTaxRecordsByPageAsync_CurrentPageOutOfBounds_ReturnsEmptyList" computerName="BG-L-5003591" duration="00:00:00.0044980" startTime="2023-12-13T15:30:50.8523534+02:00" endTime="2023-12-13T15:30:50.8568513+02:00" testType="13cdc9d9-ddb5-4fa4-a97d-d965ccfc6d4b" outcome="Passed" testListId="8c84fa94-04c1-424b-9868-57a2d4851a1d" relativeResultsDirectory="d28bf4d2-c22d-4e86-ba14-a270ef7eda1f" />
    <UnitTestResult executionId="8c9f693e-b2d5-4e6d-b81c-bf14722d88dc" testId="0ca81259-665f-874e-84c0-9ef96c24a066" testName="RefreshJWTTokenAsync_ShouldRefreshToken_WhenUserExists" computerName="BG-L-5003591" duration="00:00:00.0104770" startTime="2023-12-13T15:30:50.1977644+02:00" endTime="2023-12-13T15:30:50.2082415+02:00" testType="13cdc9d9-ddb5-4fa4-a97d-d965ccfc6d4b" outcome="Passed" testListId="8c84fa94-04c1-424b-9868-57a2d4851a1d" relativeResultsDirectory="8c9f693e-b2d5-4e6d-b81c-bf14722d88dc" />
    <UnitTestResult executionId="17cab59b-65c2-4714-9538-be2a28fef4ea" testId="cb5b92fd-1e3f-f4fd-9d31-e7c07c344ca8" testName="AllUserVehiclesByIdAsync_ReturnsDataFromCache_IfPresent" computerName="BG-L-5003591" duration="00:00:00.0019290" startTime="2023-12-13T15:30:51.1299560+02:00" endTime="2023-12-13T15:30:51.1318845+02:00" testType="13cdc9d9-ddb5-4fa4-a97d-d965ccfc6d4b" outcome="Passed" testListId="8c84fa94-04c1-424b-9868-57a2d4851a1d" relativeResultsDirectory="17cab59b-65c2-4714-9538-be2a28fef4ea" />
    <UnitTestResult executionId="9bf9a77b-1a75-47d6-8e8c-d03a58b8c8b7" testId="99f6efd7-ccc6-6cf3-d298-3ce26b3ab18e" testName="IsUserRecordCreatorAsync_ShouldReturnFalse_WhenUserIsNotServiceRecordCreator" computerName="BG-L-5003591" duration="00:00:00.0072620" startTime="2023-12-13T15:30:50.6138619+02:00" endTime="2023-12-13T15:30:50.6211230+02:00" testType="13cdc9d9-ddb5-4fa4-a97d-d965ccfc6d4b" outcome="Passed" testListId="8c84fa94-04c1-424b-9868-57a2d4851a1d" relativeResultsDirectory="9bf9a77b-1a75-47d6-8e8c-d03a58b8c8b7" />
    <UnitTestResult executionId="16f85a60-7270-45c4-8b7e-5887894fe098" testId="f29420eb-44b1-8145-8ecc-b48fb8791a59" testName="GetAllByUserIdAsync_RetrievesFromRepo_WhenCacheIsEmpty" computerName="BG-L-5003591" duration="00:00:00.0210050" startTime="2023-12-13T15:30:50.7185029+02:00" endTime="2023-12-13T15:30:50.7395074+02:00" testType="13cdc9d9-ddb5-4fa4-a97d-d965ccfc6d4b" outcome="Passed" testListId="8c84fa94-04c1-424b-9868-57a2d4851a1d" relativeResultsDirectory="16f85a60-7270-45c4-8b7e-5887894fe098" />
    <UnitTestResult executionId="4eadd6ce-a0c8-45c9-8cc5-72996f8b4fef" testId="a18aeb64-896d-7cc7-284d-c445e0812cb6" testName="GetAllUserTripsCountAsync_RetrievesFromRepo_WhenCacheIsEmpty" computerName="BG-L-5003591" duration="00:00:00.0081290" startTime="2023-12-13T15:30:50.9615701+02:00" endTime="2023-12-13T15:30:50.9696985+02:00" testType="13cdc9d9-ddb5-4fa4-a97d-d965ccfc6d4b" outcome="Passed" testListId="8c84fa94-04c1-424b-9868-57a2d4851a1d" relativeResultsDirectory="4eadd6ce-a0c8-45c9-8cc5-72996f8b4fef" />
    <UnitTestResult executionId="4ca5e356-5f72-444e-bbc6-4350a369ea52" testId="bc450459-9911-75dc-99aa-2d12402f9b9c" testName="TerminateUserRefreshTokenAsync_ShouldReturnFalse_WhenUserDoesntHaveOne" computerName="BG-L-5003591" duration="00:00:00.0190610" startTime="2023-12-13T15:30:50.3745726+02:00" endTime="2023-12-13T15:30:50.3936329+02:00" testType="13cdc9d9-ddb5-4fa4-a97d-d965ccfc6d4b" outcome="Passed" testListId="8c84fa94-04c1-424b-9868-57a2d4851a1d" relativeResultsDirectory="4ca5e356-5f72-444e-bbc6-4350a369ea52" />
    <UnitTestResult executionId="5df17633-cf2b-4e59-b218-569254ee81ef" testId="b5ad12de-62d3-6c49-c40a-dbc2d7ded9c5" testName="DoesTripExistByIdAsync_ShouldReturnFalse_WhenTripDoesntExists" computerName="BG-L-5003591" duration="00:00:00.0058320" startTime="2023-12-13T15:30:50.9082841+02:00" endTime="2023-12-13T15:30:50.9141158+02:00" testType="13cdc9d9-ddb5-4fa4-a97d-d965ccfc6d4b" outcome="Passed" testListId="8c84fa94-04c1-424b-9868-57a2d4851a1d" relativeResultsDirectory="5df17633-cf2b-4e59-b218-569254ee81ef" />
    <UnitTestResult executionId="27a64b70-e8cc-4cd9-822a-f971b1ff3116" testId="1dad3854-f86d-612f-e517-a5e809d21ca9" testName="GetVehicleDetailsByIdAsync_RetrievesFromRepo_WhenCacheIsEmpty" computerName="BG-L-5003591" duration="00:00:00.0181570" startTime="2023-12-13T15:30:51.2088428+02:00" endTime="2023-12-13T15:30:51.2269993+02:00" testType="13cdc9d9-ddb5-4fa4-a97d-d965ccfc6d4b" outcome="Passed" testListId="8c84fa94-04c1-424b-9868-57a2d4851a1d" relativeResultsDirectory="27a64b70-e8cc-4cd9-822a-f971b1ff3116" />
    <UnitTestResult executionId="3837dbec-c030-4943-8011-cf1eb561c312" testId="80a99c3a-4368-5fe2-d81c-a1617f5dd98d" testName="IsUserCreatorOfTripAsync_ShouldReturnFalse_WhenUserIsNotCreator" computerName="BG-L-5003591" duration="00:00:00.0080740" startTime="2023-12-13T15:30:50.9976708+02:00" endTime="2023-12-13T15:30:51.0057446+02:00" testType="13cdc9d9-ddb5-4fa4-a97d-d965ccfc6d4b" outcome="Passed" testListId="8c84fa94-04c1-424b-9868-57a2d4851a1d" relativeResultsDirectory="3837dbec-c030-4943-8011-cf1eb561c312" />
    <UnitTestResult executionId="b6bc0a48-7815-451b-b23f-092531a05add" testId="7c9d6d5f-6d15-0615-50db-b568ed669dca" testName="RemoveAdminAsync_ShouldRemoveUser_FromAdminRole" computerName="BG-L-5003591" duration="00:00:00.0049230" startTime="2023-12-13T15:30:49.8478942+02:00" endTime="2023-12-13T15:30:49.8528169+02:00" testType="13cdc9d9-ddb5-4fa4-a97d-d965ccfc6d4b" outcome="Passed" testListId="8c84fa94-04c1-424b-9868-57a2d4851a1d" relativeResultsDirectory="b6bc0a48-7815-451b-b23f-092531a05add" />
    <UnitTestResult executionId="5a871c98-3a77-469b-99cf-874207ae46e6" testId="ac93defd-c485-689e-d2f8-dc47107f006a" testName="GenerateJwtToken_ShouldGenerate_JWTToken" computerName="BG-L-5003591" duration="00:00:00.0105310" startTime="2023-12-13T15:30:50.1858674+02:00" endTime="2023-12-13T15:30:50.1963976+02:00" testType="13cdc9d9-ddb5-4fa4-a97d-d965ccfc6d4b" outcome="Passed" testListId="8c84fa94-04c1-424b-9868-57a2d4851a1d" relativeResultsDirectory="5a871c98-3a77-469b-99cf-874207ae46e6" />
    <UnitTestResult executionId="c2191aa1-5a48-4935-b476-117b02bcfc33" testId="db8d6e68-345b-b2f0-1d70-f14aa6b41580" testName="AllFuelTypesAsync_RetrievesFromRepo_WhenCacheIsEmpty" computerName="BG-L-5003591" duration="00:00:00.0077200" startTime="2023-12-13T15:30:51.1102046+02:00" endTime="2023-12-13T15:30:51.1179246+02:00" testType="13cdc9d9-ddb5-4fa4-a97d-d965ccfc6d4b" outcome="Passed" testListId="8c84fa94-04c1-424b-9868-57a2d4851a1d" relativeResultsDirectory="c2191aa1-5a48-4935-b476-117b02bcfc33" />
    <UnitTestResult executionId="13a5f3e2-f3b9-4eb2-91b4-5ffe3032d03e" testId="c9c51d76-8877-7002-b84a-8601e69b9228" testName="IsUserRefreshTokenOwnerAsync_ShouldReturnFalse_WhenUserIsNotTokenOwner" computerName="BG-L-5003591" duration="00:00:00.0129430" startTime="2023-12-13T15:30:50.3592195+02:00" endTime="2023-12-13T15:30:50.3721619+02:00" testType="13cdc9d9-ddb5-4fa4-a97d-d965ccfc6d4b" outcome="Passed" testListId="8c84fa94-04c1-424b-9868-57a2d4851a1d" relativeResultsDirectory="13a5f3e2-f3b9-4eb2-91b4-5ffe3032d03e" />
    <UnitTestResult executionId="b773d806-2399-481b-80e2-6bfd477dd8b2" testId="1c27186e-b664-a066-8bc3-3122b021d83b" testName="GetAllUserTripsCostAsync_RetrievesFromRepo_WhenCacheIsEmpty" computerName="BG-L-5003591" duration="00:00:00.0110340" startTime="2023-12-13T15:30:50.5478281+02:00" endTime="2023-12-13T15:30:50.5588618+02:00" testType="13cdc9d9-ddb5-4fa4-a97d-d965ccfc6d4b" outcome="Passed" testListId="8c84fa94-04c1-424b-9868-57a2d4851a1d" relativeResultsDirectory="b773d806-2399-481b-80e2-6bfd477dd8b2" />
    <UnitTestResult executionId="45bac5eb-f2a2-4c8d-9ef9-02822af7e1a6" testId="2a50cf25-bb8b-aab6-917f-6eee90fa9280" testName="GetAllAsync_ReturnsDataFromCache_IfPresent" computerName="BG-L-5003591" duration="00:00:00.0150820" startTime="2023-12-13T15:30:49.3481316+02:00" endTime="2023-12-13T15:30:49.3632134+02:00" testType="13cdc9d9-ddb5-4fa4-a97d-d965ccfc6d4b" outcome="Passed" testListId="8c84fa94-04c1-424b-9868-57a2d4851a1d" relativeResultsDirectory="45bac5eb-f2a2-4c8d-9ef9-02822af7e1a6" />
    <UnitTestResult executionId="6b64f0de-b78d-47eb-aa20-3b93554a88ba" testId="6f92ab28-59fa-7776-12ef-0bd549ed0f29" testName="EditAsync_WhenCalled_EditsAVehicle" computerName="BG-L-5003591" duration="00:00:00.0025390" startTime="2023-12-13T15:30:50.7080241+02:00" endTime="2023-12-13T15:30:50.7105633+02:00" testType="13cdc9d9-ddb5-4fa4-a97d-d965ccfc6d4b" outcome="Passed" testListId="8c84fa94-04c1-424b-9868-57a2d4851a1d" relativeResultsDirectory="6b64f0de-b78d-47eb-aa20-3b93554a88ba" />
    <UnitTestResult executionId="89a8a5ac-0327-4bd2-95ee-f8b9ae54274e" testId="fdc8fdc8-8c6f-b1d4-90e0-0ebadacd865a" testName="EditAsync_WhenCalled_EditsAVehicle" computerName="BG-L-5003591" duration="00:00:00.0029229" startTime="2023-12-13T15:30:50.9182557+02:00" endTime="2023-12-13T15:30:50.9211783+02:00" testType="13cdc9d9-ddb5-4fa4-a97d-d965ccfc6d4b" outcome="Passed" testListId="8c84fa94-04c1-424b-9868-57a2d4851a1d" relativeResultsDirectory="89a8a5ac-0327-4bd2-95ee-f8b9ae54274e" />
    <UnitTestResult executionId="334e0560-d38c-4020-a581-63e8ad4754ad" testId="4f067e68-ca92-42e8-42d5-2f9e2f978cd0" testName="GetFiveAsync_RetrievesFromRepo_WhenCacheIsEmpty" computerName="BG-L-5003591" duration="00:00:00.0045059" startTime="2023-12-13T15:30:49.3751952+02:00" endTime="2023-12-13T15:30:49.3797005+02:00" testType="13cdc9d9-ddb5-4fa4-a97d-d965ccfc6d4b" outcome="Passed" testListId="8c84fa94-04c1-424b-9868-57a2d4851a1d" relativeResultsDirectory="334e0560-d38c-4020-a581-63e8ad4754ad" />
    <UnitTestResult executionId="bb9dd070-e6a3-40b7-8ef9-a803ae60756b" testId="64d4e3d0-e746-e264-daac-54748f6f3edf" testName="DoesAdExistAsync_WhenAdExists_ReturnsTrue" computerName="BG-L-5003591" duration="00:00:00.0161900" startTime="2023-12-13T15:30:49.2189982+02:00" endTime="2023-12-13T15:30:49.2351885+02:00" testType="13cdc9d9-ddb5-4fa4-a97d-d965ccfc6d4b" outcome="Passed" testListId="8c84fa94-04c1-424b-9868-57a2d4851a1d" relativeResultsDirectory="bb9dd070-e6a3-40b7-8ef9-a803ae60756b" />
    <UnitTestResult executionId="fc0317b4-a9db-4797-9814-f7d05cdea3f3" testId="c84dde8a-33a8-53d3-cd65-b06c2589118a" testName="CreateAsync_ShouldAddANewVehicle" computerName="BG-L-5003591" duration="00:00:00.0027350" startTime="2023-12-13T15:30:51.1423196+02:00" endTime="2023-12-13T15:30:51.1450546+02:00" testType="13cdc9d9-ddb5-4fa4-a97d-d965ccfc6d4b" outcome="Passed" testListId="8c84fa94-04c1-424b-9868-57a2d4851a1d" relativeResultsDirectory="fc0317b4-a9db-4797-9814-f7d05cdea3f3" />
    <UnitTestResult executionId="261dd0d1-6cd6-4b12-8cad-2fb3e68236de" testId="ac714262-3713-47df-807d-d06c4ee24ecc" testName="AllVehicleTypesAsync_RetrievesFromRepo_WhenCacheIsEmpty" computerName="BG-L-5003591" duration="00:00:00.0081090" startTime="2023-12-13T15:30:51.1319334+02:00" endTime="2023-12-13T15:30:51.1400421+02:00" testType="13cdc9d9-ddb5-4fa4-a97d-d965ccfc6d4b" outcome="Passed" testListId="8c84fa94-04c1-424b-9868-57a2d4851a1d" relativeResultsDirectory="261dd0d1-6cd6-4b12-8cad-2fb3e68236de" />
    <UnitTestResult executionId="aab1f66c-bef6-42b7-ad7f-ecfbd28c7393" testId="30445af4-d8eb-49dc-e014-9bac2f0cc812" testName="UserRegistration_ShouldThrowException_OnUnsuccessfulRegister" computerName="BG-L-5003591" duration="00:00:00.0029860" startTime="2023-12-13T15:30:50.1780357+02:00" endTime="2023-12-13T15:30:50.1810218+02:00" testType="13cdc9d9-ddb5-4fa4-a97d-d965ccfc6d4b" outcome="Passed" testListId="8c84fa94-04c1-424b-9868-57a2d4851a1d" relativeResultsDirectory="aab1f66c-bef6-42b7-ad7f-ecfbd28c7393" />
    <UnitTestResult executionId="ed7a4858-fb88-423b-8719-c128f6ed7708" testId="42bae599-9b3f-fb12-46e0-f6453b243adc" testName="IsUserCreatorOfTripAsync_ShouldReturnTrue_WhenUserIsCreator" computerName="BG-L-5003591" duration="00:00:00.0025030" startTime="2023-12-13T15:30:51.0057841+02:00" endTime="2023-12-13T15:30:51.0082868+02:00" testType="13cdc9d9-ddb5-4fa4-a97d-d965ccfc6d4b" outcome="Passed" testListId="8c84fa94-04c1-424b-9868-57a2d4851a1d" relativeResultsDirectory="ed7a4858-fb88-423b-8719-c128f6ed7708" />
    <UnitTestResult executionId="e421c777-9d05-422b-815c-dc5985337b51" testId="ea11c0e8-0fae-91f5-1bc8-bad35d91e551" testName="GetRefreshTokenOwnerAsync_ShouldReturnNull_WhenUserDoesntExists" computerName="BG-L-5003591" duration="00:00:00.0481660" startTime="2023-12-13T15:30:50.2103902+02:00" endTime="2023-12-13T15:30:50.2585557+02:00" testType="13cdc9d9-ddb5-4fa4-a97d-d965ccfc6d4b" outcome="Passed" testListId="8c84fa94-04c1-424b-9868-57a2d4851a1d" relativeResultsDirectory="e421c777-9d05-422b-815c-dc5985337b51" />
    <UnitTestResult executionId="cb0fb2b2-ba01-46a3-9e42-e3821c87fe61" testId="d9123337-a1df-f93f-7b18-a0b2bc2defc1" testName="UpdateRefreshTokenAsync_ShouldGenerateAToken_WhenUserDoesntHave" computerName="BG-L-5003591" duration="00:00:00.0104480" startTime="2023-12-13T15:30:50.3958249+02:00" endTime="2023-12-13T15:30:50.4062723+02:00" testType="13cdc9d9-ddb5-4fa4-a97d-d965ccfc6d4b" outcome="Passed" testListId="8c84fa94-04c1-424b-9868-57a2d4851a1d" relativeResultsDirectory="cb0fb2b2-ba01-46a3-9e42-e3821c87fe61" />
    <UnitTestResult executionId="916f54a7-1f9d-43e3-a100-4df611bb607e" testId="4ea69216-e3af-0e45-7c67-2e668d10fce2" testName="IsUserInRoleAsync_ShouldReturnTrue_IfUserIsInRole" computerName="BG-L-5003591" duration="00:00:00.0023999" startTime="2023-12-13T15:30:49.8454635+02:00" endTime="2023-12-13T15:30:49.8478628+02:00" testType="13cdc9d9-ddb5-4fa4-a97d-d965ccfc6d4b" outcome="Passed" testListId="8c84fa94-04c1-424b-9868-57a2d4851a1d" relativeResultsDirectory="916f54a7-1f9d-43e3-a100-4df611bb607e" />
    <UnitTestResult executionId="d14e50d2-4ce8-468f-a182-30e13f7998af" testId="78dbafb8-4523-1259-1593-b0b8d37983eb" testName="RetrieveTaxRecordsByPageAsync_EmptyList_ReturnsEmptyList" computerName="BG-L-5003591" duration="00:00:00.0109070" startTime="2023-12-13T15:30:50.8595869+02:00" endTime="2023-12-13T15:30:50.8704936+02:00" testType="13cdc9d9-ddb5-4fa4-a97d-d965ccfc6d4b" outcome="Passed" testListId="8c84fa94-04c1-424b-9868-57a2d4851a1d" relativeResultsDirectory="d14e50d2-4ce8-468f-a182-30e13f7998af" />
    <UnitTestResult executionId="6eb06267-2889-4a36-b08a-7f732b5f2522" testId="6e872ee1-3ce3-6c3f-bd75-24a168983c39" testName="GetLastNCountAsync_RetrievesFromRepo_WhenCacheIsEmpty" computerName="BG-L-5003591" duration="00:00:00.0185660" startTime="2023-12-13T15:30:50.5773339+02:00" endTime="2023-12-13T15:30:50.5958999+02:00" testType="13cdc9d9-ddb5-4fa4-a97d-d965ccfc6d4b" outcome="Passed" testListId="8c84fa94-04c1-424b-9868-57a2d4851a1d" relativeResultsDirectory="6eb06267-2889-4a36-b08a-7f732b5f2522" />
    <UnitTestResult executionId="e687f107-8250-4bc2-8fe2-d0fd74ee8ac6" testId="6b658d83-a538-3c0a-268e-97736aa3b875" testName="TerminateUserRefreshTokenAsync_ShouldReturnTrue_WhenUserHasOne" computerName="BG-L-5003591" duration="00:00:00.0021160" startTime="2023-12-13T15:30:50.3936648+02:00" endTime="2023-12-13T15:30:50.3957808+02:00" testType="13cdc9d9-ddb5-4fa4-a97d-d965ccfc6d4b" outcome="Passed" testListId="8c84fa94-04c1-424b-9868-57a2d4851a1d" relativeResultsDirectory="e687f107-8250-4bc2-8fe2-d0fd74ee8ac6" />
    <UnitTestResult executionId="2aaf6f3d-6a23-4bf2-9c4e-66da9cf034ac" testId="9f2507e8-69ac-71ce-cfb2-1ac1e7a23293" testName="DoesVehicleExistByIdAsync_ShouldReturnFalse_WhenVehicleDoesNotExists" computerName="BG-L-5003591" duration="00:00:00.0036650" startTime="2023-12-13T15:30:51.1892426+02:00" endTime="2023-12-13T15:30:51.1929074+02:00" testType="13cdc9d9-ddb5-4fa4-a97d-d965ccfc6d4b" outcome="Passed" testListId="8c84fa94-04c1-424b-9868-57a2d4851a1d" relativeResultsDirectory="2aaf6f3d-6a23-4bf2-9c4e-66da9cf034ac" />
    <UnitTestResult executionId="5fa8159e-5cfc-47f7-8c8f-153b3c25bb86" testId="82e38880-a15a-3d52-a066-96d5dbe7d821" testName="GetAllUserTripsCountAsync_RetrievesFromRepo_WhenCacheIsEmpty" computerName="BG-L-5003591" duration="00:00:00.0066450" startTime="2023-12-13T15:30:50.5589051+02:00" endTime="2023-12-13T15:30:50.5655474+02:00" testType="13cdc9d9-ddb5-4fa4-a97d-d965ccfc6d4b" outcome="Passed" testListId="8c84fa94-04c1-424b-9868-57a2d4851a1d" relativeResultsDirectory="5fa8159e-5cfc-47f7-8c8f-153b3c25bb86" />
    <UnitTestResult executionId="34b20fdd-d63c-47b4-8e30-991903ae9d96" testId="eca2ada9-c5c4-aaa5-00ba-fb88e5b8996c" testName="DoesUserExistByIdAsync_ShouldReturnFalse_IfUserDoesntExists" computerName="BG-L-5003591" duration="00:00:00.0022980" startTime="2023-12-13T15:30:49.8231860+02:00" endTime="2023-12-13T15:30:49.8254840+02:00" testType="13cdc9d9-ddb5-4fa4-a97d-d965ccfc6d4b" outcome="Passed" testListId="8c84fa94-04c1-424b-9868-57a2d4851a1d" relativeResultsDirectory="34b20fdd-d63c-47b4-8e30-991903ae9d96" />
    <UnitTestResult executionId="fb119605-94c1-4c0e-9d79-cc0ab7aa1b28" testId="4bdf7c3d-152b-4e9d-f1f9-6b46a36b3787" testName="EditAsync_WhenCalled_EditsAVehicle" computerName="BG-L-5003591" duration="00:00:00.0030240" startTime="2023-12-13T15:30:51.2057935+02:00" endTime="2023-12-13T15:30:51.2088176+02:00" testType="13cdc9d9-ddb5-4fa4-a97d-d965ccfc6d4b" outcome="Passed" testListId="8c84fa94-04c1-424b-9868-57a2d4851a1d" relativeResultsDirectory="fb119605-94c1-4c0e-9d79-cc0ab7aa1b28" />
    <UnitTestResult executionId="e6a8b60f-eccd-4bde-a3c7-ad8234e3a8ac" testId="d8956387-fd6e-16c8-b779-4fda26e80d09" testName="GetEditDetailsByIdAsync_ShouldReturnTaxRecordDetails" computerName="BG-L-5003591" duration="00:00:00.0150720" startTime="2023-12-13T15:30:50.7574368+02:00" endTime="2023-12-13T15:30:50.7725085+02:00" testType="13cdc9d9-ddb5-4fa4-a97d-d965ccfc6d4b" outcome="Passed" testListId="8c84fa94-04c1-424b-9868-57a2d4851a1d" relativeResultsDirectory="e6a8b60f-eccd-4bde-a3c7-ad8234e3a8ac" />
    <UnitTestResult executionId="f9534a17-05b4-419e-bded-6b2c4fa3e417" testId="7903664b-5188-07ce-cc5f-64e0cac7dd54" testName="RetrieveAdditionaTripRecordsByPageAsync_CurrentPageOutOfBounds_ReturnsEmptyList" computerName="BG-L-5003591" duration="00:00:00.0019440" startTime="2023-12-13T15:30:51.0260134+02:00" endTime="2023-12-13T15:30:51.0279566+02:00" testType="13cdc9d9-ddb5-4fa4-a97d-d965ccfc6d4b" outcome="Passed" testListId="8c84fa94-04c1-424b-9868-57a2d4851a1d" relativeResultsDirectory="f9534a17-05b4-419e-bded-6b2c4fa3e417" />
    <UnitTestResult executionId="92ad28ff-dcb0-48f1-bf93-535557fc942f" testId="155e5b1a-632b-e4c4-6627-246166e72cb5" testName="IsUserRefreshTokenOwnerAsync_ShouldReturnTrue_WhenUserIsTokenOwner" computerName="BG-L-5003591" duration="00:00:00.0023350" startTime="2023-12-13T15:30:50.3721995+02:00" endTime="2023-12-13T15:30:50.3745338+02:00" testType="13cdc9d9-ddb5-4fa4-a97d-d965ccfc6d4b" outcome="Passed" testListId="8c84fa94-04c1-424b-9868-57a2d4851a1d" relativeResultsDirectory="92ad28ff-dcb0-48f1-bf93-535557fc942f" />
    <UnitTestResult executionId="a692e069-76a8-4bb3-8f8a-a0dda0d6d98e" testId="d81e3530-907c-ba58-168d-8726b4fd2254" testName="GetUpcomingTaxesAsync_RetrievesFromRepo_WhenCacheIsEmpty" computerName="BG-L-5003591" duration="00:00:00.0169650" startTime="2023-12-13T15:30:50.7725396+02:00" endTime="2023-12-13T15:30:50.7895047+02:00" testType="13cdc9d9-ddb5-4fa4-a97d-d965ccfc6d4b" outcome="Passed" testListId="8c84fa94-04c1-424b-9868-57a2d4851a1d" relativeResultsDirectory="a692e069-76a8-4bb3-8f8a-a0dda0d6d98e" />
    <UnitTestResult executionId="4b7f50af-00ed-4344-9a73-7b3acf22e9e5" testId="7b8ba4a4-b0bb-cba3-62ff-a14fd2215f26" testName="RetrieveAdditionalTripRecordsByPageAsync_RetrievesCorrectAmountOfRecords" computerName="BG-L-5003591" duration="00:00:00.0028440" startTime="2023-12-13T15:30:51.0231417+02:00" endTime="2023-12-13T15:30:51.0259858+02:00" testType="13cdc9d9-ddb5-4fa4-a97d-d965ccfc6d4b" outcome="Passed" testListId="8c84fa94-04c1-424b-9868-57a2d4851a1d" relativeResultsDirectory="4b7f50af-00ed-4344-9a73-7b3acf22e9e5" />
    <UnitTestResult executionId="93d75fc0-75b6-4395-add3-52d48249a5a1" testId="92b7e97e-e370-685f-f002-c2f067e02495" testName="CreateAsync_ShouldAddATaxRecord" computerName="BG-L-5003591" duration="00:00:00.0250370" startTime="2023-12-13T15:30:50.6703239+02:00" endTime="2023-12-13T15:30:50.6953603+02:00" testType="13cdc9d9-ddb5-4fa4-a97d-d965ccfc6d4b" outcome="Passed" testListId="8c84fa94-04c1-424b-9868-57a2d4851a1d" relativeResultsDirectory="93d75fc0-75b6-4395-add3-52d48249a5a1" />
    <UnitTestResult executionId="e9110fc7-2aae-4ed3-bdf5-60a5c748d275" testId="727fd89c-1755-c990-1cff-e176e2f64bee" testName="GetAllUserTripsCountAsync_ReturnsDataFromCache_IfPresent" computerName="BG-L-5003591" duration="00:00:00.0032550" startTime="2023-12-13T15:30:50.5657342+02:00" endTime="2023-12-13T15:30:50.5689885+02:00" testType="13cdc9d9-ddb5-4fa4-a97d-d965ccfc6d4b" outcome="Passed" testListId="8c84fa94-04c1-424b-9868-57a2d4851a1d" relativeResultsDirectory="e9110fc7-2aae-4ed3-bdf5-60a5c748d275" />
    <UnitTestResult executionId="fab2e087-55c5-406b-ad9b-070d9d2c6548" testId="a61bce6b-fafa-57a5-8780-0408aa733f26" testName="RetrieveAdditionalTaxRecordsByPageAsync_EmptyList_ReturnsEmptyList" computerName="BG-L-5003591" duration="00:00:00.0117990" startTime="2023-12-13T15:30:50.8356020+02:00" endTime="2023-12-13T15:30:50.8474002+02:00" testType="13cdc9d9-ddb5-4fa4-a97d-d965ccfc6d4b" outcome="Passed" testListId="8c84fa94-04c1-424b-9868-57a2d4851a1d" relativeResultsDirectory="fab2e087-55c5-406b-ad9b-070d9d2c6548" />
    <UnitTestResult executionId="c2ac9cff-f0ab-45d2-bd02-f8d4c9a49f95" testId="bdabfc9e-1f61-86fc-3074-653b22411299" testName="RetrieveTripRecordsByPageAsync_EmptyList_ReturnsEmptyList" computerName="BG-L-5003591" duration="00:00:00.0149980" startTime="2023-12-13T15:30:51.0307125+02:00" endTime="2023-12-13T15:30:51.0457101+02:00" testType="13cdc9d9-ddb5-4fa4-a97d-d965ccfc6d4b" outcome="Passed" testListId="8c84fa94-04c1-424b-9868-57a2d4851a1d" relativeResultsDirectory="c2ac9cff-f0ab-45d2-bd02-f8d4c9a49f95" />
    <UnitTestResult executionId="5d2fab19-f538-4c7d-9e47-026a41674dcf" testId="cc388ca8-b291-7a12-ae7e-ef1bd3499b91" testName="IsUserRecordCreatorAsync_ShouldReturnTrue_WhenUserIsTaxRecordCreator" computerName="BG-L-5003591" duration="00:00:00.0037990" startTime="2023-12-13T15:30:50.8317718+02:00" endTime="2023-12-13T15:30:50.8355707+02:00" testType="13cdc9d9-ddb5-4fa4-a97d-d965ccfc6d4b" outcome="Passed" testListId="8c84fa94-04c1-424b-9868-57a2d4851a1d" relativeResultsDirectory="5d2fab19-f538-4c7d-9e47-026a41674dcf" />
    <UnitTestResult executionId="3684351d-3813-4e72-aa8c-0dd8bf61562e" testId="fcc63dfe-7000-1856-48ed-5ae01c0bb9bb" testName="RemoveAdminAsync_ShouldThrowException_WhenOperationFails" computerName="BG-L-5003591" duration="00:00:00.0024450" startTime="2023-12-13T15:30:49.8528521+02:00" endTime="2023-12-13T15:30:49.8552963+02:00" testType="13cdc9d9-ddb5-4fa4-a97d-d965ccfc6d4b" outcome="Passed" testListId="8c84fa94-04c1-424b-9868-57a2d4851a1d" relativeResultsDirectory="3684351d-3813-4e72-aa8c-0dd8bf61562e" />
  </Results>
  <TestDefinitions>
    <UnitTest name="RetrieveTripRecordsByPageAsync_RetrievesCorrectAmountOfRecords" storage="c:\users\bghrpis\desktop\work\carcare-companion\server\carcare-companion\carcare-companion.tests\bin\debug\net6.0\carcare-companion.tests.dll" id="6177d933-4a06-2194-b317-f58a8b4f338a">
      <Execution id="be0e34b1-3682-4597-9d67-64ee05fba963" />
      <TestMethod codeBase="C:\Users\bghrpis\Desktop\Work\CarCare-Companion\Server\CarCare-Companion\CarCare-Companion.Tests\bin\Debug\net6.0\CarCare-Companion.Tests.dll" adapterTypeName="executor://nunit3testexecutor/" className="CarCare_Companion.Tests.Unit_Tests.Services.TripRecordsServiceTests" name="RetrieveTripRecordsByPageAsync_RetrievesCorrectAmountOfRecords" />
    </UnitTest>
    <UnitTest name="GetAllUserTripsCountAsync_ReturnsDataFromCache_IfPresent" storage="c:\users\bghrpis\desktop\work\carcare-companion\server\carcare-companion\carcare-companion.tests\bin\debug\net6.0\carcare-companion.tests.dll" id="3a51e8c3-05b2-e990-a940-5a17f68841a1">
      <Execution id="d452a91c-4193-4f1e-837d-858de8b4f1c2" />
      <TestMethod codeBase="C:\Users\bghrpis\Desktop\Work\CarCare-Companion\Server\CarCare-Companion\CarCare-Companion.Tests\bin\Debug\net6.0\CarCare-Companion.Tests.dll" adapterTypeName="executor://nunit3testexecutor/" className="CarCare_Companion.Tests.Unit_Tests.Services.TripRecordsServiceTests" name="GetAllUserTripsCountAsync_ReturnsDataFromCache_IfPresent" />
    </UnitTest>
    <UnitTest name="GetFiveAsync_ReturnsDataFromCache_IfPresent" storage="c:\users\bghrpis\desktop\work\carcare-companion\server\carcare-companion\carcare-companion.tests\bin\debug\net6.0\carcare-companion.tests.dll" id="44c6a02f-3f83-f532-098d-275974fcd9fa">
      <Execution id="52b54267-50a8-4fa9-96d1-4cdbab1bd22a" />
      <TestMethod codeBase="C:\Users\bghrpis\Desktop\Work\CarCare-Companion\Server\CarCare-Companion\CarCare-Companion.Tests\bin\Debug\net6.0\CarCare-Companion.Tests.dll" adapterTypeName="executor://nunit3testexecutor/" className="CarCare_Companion.Tests.Unit_Tests.Services.AdServiceTests" name="GetFiveAsync_ReturnsDataFromCache_IfPresent" />
    </UnitTest>
    <UnitTest name="DoesFuelTypeExistAsync_ShouldReturnFalse_WhenFuelTypeDoesNotExists" storage="c:\users\bghrpis\desktop\work\carcare-companion\server\carcare-companion\carcare-companion.tests\bin\debug\net6.0\carcare-companion.tests.dll" id="de77c02b-5fd3-83f7-5782-11c6ffe43995">
      <Execution id="83b971b9-69f2-40a2-bcb3-4182cd819434" />
      <TestMethod codeBase="C:\Users\bghrpis\Desktop\Work\CarCare-Companion\Server\CarCare-Companion\CarCare-Companion.Tests\bin\Debug\net6.0\CarCare-Companion.Tests.dll" adapterTypeName="executor://nunit3testexecutor/" className="CarCare_Companion.Tests.Unit_Tests.Services.VehicleServiceTests" name="DoesFuelTypeExistAsync_ShouldReturnFalse_WhenFuelTypeDoesNotExists" />
    </UnitTest>
    <UnitTest name="UserRegistration_ShouldThrowException_OnUnsuccessfulRegister" storage="c:\users\bghrpis\desktop\work\carcare-companion\server\carcare-companion\carcare-companion.tests\bin\debug\net6.0\carcare-companion.tests.dll" id="30445af4-d8eb-49dc-e014-9bac2f0cc812">
      <Execution id="aab1f66c-bef6-42b7-ad7f-ecfbd28c7393" />
      <TestMethod codeBase="C:\Users\bghrpis\Desktop\Work\CarCare-Companion\Server\CarCare-Companion\CarCare-Companion.Tests\bin\Debug\net6.0\CarCare-Companion.Tests.dll" adapterTypeName="executor://nunit3testexecutor/" className="CarCare_Companion.Tests.Unit_Tests.Services.IdentityServiceTests" name="UserRegistration_ShouldThrowException_OnUnsuccessfulRegister" />
    </UnitTest>
    <UnitTest name="IsUserRecordCreatorAsync_ShouldReturnTrue_WhenUserIsTaxRecordCreator" storage="c:\users\bghrpis\desktop\work\carcare-companion\server\carcare-companion\carcare-companion.tests\bin\debug\net6.0\carcare-companion.tests.dll" id="cc388ca8-b291-7a12-ae7e-ef1bd3499b91">
      <Execution id="5d2fab19-f538-4c7d-9e47-026a41674dcf" />
      <TestMethod codeBase="C:\Users\bghrpis\Desktop\Work\CarCare-Companion\Server\CarCare-Companion\CarCare-Companion.Tests\bin\Debug\net6.0\CarCare-Companion.Tests.dll" adapterTypeName="executor://nunit3testexecutor/" className="CarCare_Companion.Tests.Unit_Tests.Services.TaxRecordsServiceTests" name="IsUserRecordCreatorAsync_ShouldReturnTrue_WhenUserIsTaxRecordCreator" />
    </UnitTest>
    <UnitTest name="GetRefreshTokenOwnerAsync_ShouldReturnNull_WhenUserDoesntExists" storage="c:\users\bghrpis\desktop\work\carcare-companion\server\carcare-companion\carcare-companion.tests\bin\debug\net6.0\carcare-companion.tests.dll" id="ea11c0e8-0fae-91f5-1bc8-bad35d91e551">
      <Execution id="e421c777-9d05-422b-815c-dc5985337b51" />
      <TestMethod codeBase="C:\Users\bghrpis\Desktop\Work\CarCare-Companion\Server\CarCare-Companion\CarCare-Companion.Tests\bin\Debug\net6.0\CarCare-Companion.Tests.dll" adapterTypeName="executor://nunit3testexecutor/" className="CarCare_Companion.Tests.Unit_Tests.Services.RefreshTokenServiceTests" name="GetRefreshTokenOwnerAsync_ShouldReturnNull_WhenUserDoesntExists" />
    </UnitTest>
    <UnitTest name="DoesVehicleTypeExistAsync_ShouldReturnTrue_WhenVehicleTypeExists" storage="c:\users\bghrpis\desktop\work\carcare-companion\server\carcare-companion\carcare-companion.tests\bin\debug\net6.0\carcare-companion.tests.dll" id="6d503ffd-83c0-8da1-aa4e-2ee3db9a6b1b">
      <Execution id="0fc222f6-6c52-4b2b-a9a1-b4f38a312955" />
      <TestMethod codeBase="C:\Users\bghrpis\Desktop\Work\CarCare-Companion\Server\CarCare-Companion\CarCare-Companion.Tests\bin\Debug\net6.0\CarCare-Companion.Tests.dll" adapterTypeName="executor://nunit3testexecutor/" className="CarCare_Companion.Tests.Unit_Tests.Services.VehicleServiceTests" name="DoesVehicleTypeExistAsync_ShouldReturnTrue_WhenVehicleTypeExists" />
    </UnitTest>
    <UnitTest name="IsUserRefreshTokenOwnerAsync_ShouldReturnFalse_WhenUserIsNotTokenOwner" storage="c:\users\bghrpis\desktop\work\carcare-companion\server\carcare-companion\carcare-companion.tests\bin\debug\net6.0\carcare-companion.tests.dll" id="c9c51d76-8877-7002-b84a-8601e69b9228">
      <Execution id="13a5f3e2-f3b9-4eb2-91b4-5ffe3032d03e" />
      <TestMethod codeBase="C:\Users\bghrpis\Desktop\Work\CarCare-Companion\Server\CarCare-Companion\CarCare-Companion.Tests\bin\Debug\net6.0\CarCare-Companion.Tests.dll" adapterTypeName="executor://nunit3testexecutor/" className="CarCare_Companion.Tests.Unit_Tests.Services.RefreshTokenServiceTests" name="IsUserRefreshTokenOwnerAsync_ShouldReturnFalse_WhenUserIsNotTokenOwner" />
    </UnitTest>
    <UnitTest name="RemoveAdminAsync_ShouldThrowException_WhenOperationFails" storage="c:\users\bghrpis\desktop\work\carcare-companion\server\carcare-companion\carcare-companion.tests\bin\debug\net6.0\carcare-companion.tests.dll" id="fcc63dfe-7000-1856-48ed-5ae01c0bb9bb">
      <Execution id="3684351d-3813-4e72-aa8c-0dd8bf61562e" />
      <TestMethod codeBase="C:\Users\bghrpis\Desktop\Work\CarCare-Companion\Server\CarCare-Companion\CarCare-Companion.Tests\bin\Debug\net6.0\CarCare-Companion.Tests.dll" adapterTypeName="executor://nunit3testexecutor/" className="CarCare_Companion.Tests.Unit_Tests.Services.IdentityServiceTests" name="RemoveAdminAsync_ShouldThrowException_WhenOperationFails" />
    </UnitTest>
    <UnitTest name="GetRecentByVehicleId_RetrievesRecentServiceRecordForVehicle" storage="c:\users\bghrpis\desktop\work\carcare-companion\server\carcare-companion\carcare-companion.tests\bin\debug\net6.0\carcare-companion.tests.dll" id="15d093f6-bc07-fe41-7250-a85b31ecb8e7">
      <Execution id="a33da46e-d3e0-4489-9fd9-960fae05050c" />
      <TestMethod codeBase="C:\Users\bghrpis\Desktop\Work\CarCare-Companion\Server\CarCare-Companion\CarCare-Companion.Tests\bin\Debug\net6.0\CarCare-Companion.Tests.dll" adapterTypeName="executor://nunit3testexecutor/" className="CarCare_Companion.Tests.Unit_Tests.Services.ServiceRecordsServiceTests" name="GetRecentByVehicleId_RetrievesRecentServiceRecordForVehicle" />
    </UnitTest>
    <UnitTest name="RetrieveTripRecordsByPageAsync_CurrentPageOutOfBounds_ReturnsEmptyList" storage="c:\users\bghrpis\desktop\work\carcare-companion\server\carcare-companion\carcare-companion.tests\bin\debug\net6.0\carcare-companion.tests.dll" id="0ad62df1-60d9-4199-2b78-a437947809ca">
      <Execution id="89dc6641-4421-47e0-92a7-694749067019" />
      <TestMethod codeBase="C:\Users\bghrpis\Desktop\Work\CarCare-Companion\Server\CarCare-Companion\CarCare-Companion.Tests\bin\Debug\net6.0\CarCare-Companion.Tests.dll" adapterTypeName="executor://nunit3testexecutor/" className="CarCare_Companion.Tests.Unit_Tests.Services.TripRecordsServiceTests" name="RetrieveTripRecordsByPageAsync_CurrentPageOutOfBounds_ReturnsEmptyList" />
    </UnitTest>
    <UnitTest name="RetrieveServiceRecordsByPageAsync_CurrentPageOutOfBounds_ReturnsEmptyList" storage="c:\users\bghrpis\desktop\work\carcare-companion\server\carcare-companion\carcare-companion.tests\bin\debug\net6.0\carcare-companion.tests.dll" id="3d10a867-9354-67cc-f51f-4d2ac58a535f">
      <Execution id="1e9d8ead-ea14-4835-8e2b-1836e26e2db9" />
[...]
    <TestEntry testId="83838238-1094-0f73-6853-564bb8cadcb5" executionId="c3442661-3f9b-4019-af96-1b3611552fc1" testListId="8c84fa94-04c1-424b-9868-57a2d4851a1d" />
    <TestEntry testId="98c35398-756f-3a6b-aaf0-68144215b400" executionId="c4eff912-e0ac-4b79-b03f-1c11aab1d570" testListId="8c84fa94-04c1-424b-9868-57a2d4851a1d" />
    <TestEntry testId="260d0c50-e1fe-87b6-f834-1755e00623b2" executionId="950e912b-6e2c-432b-91c9-50bffaac5a6a" testListId="8c84fa94-04c1-424b-9868-57a2d4851a1d" />
    <TestEntry testId="cd1aa594-1494-a09d-9dff-4d2f115a294c" executionId="ae16d30c-cd97-4776-be8c-86928c84ab6e" testListId="8c84fa94-04c1-424b-9868-57a2d4851a1d" />
    <TestEntry testId="6b2eaf40-39fc-5cfb-2a48-1cff09011fa4" executionId="e73c32f2-1e69-4249-8503-e878e0aff95c" testListId="8c84fa94-04c1-424b-9868-57a2d4851a1d" />
    <TestEntry testId="8adf5bff-33ec-ac46-2040-8e31dba0f0ff" executionId="7c6aca8a-e0f9-4e5b-a142-0c0359462044" testListId="8c84fa94-04c1-424b-9868-57a2d4851a1d" />
    <TestEntry testId="9556d3b2-8496-6214-66eb-39e9ecd2d1fe" executionId="b051af45-1ffa-4f23-a6bd-a1f55dbbff75" testListId="8c84fa94-04c1-424b-9868-57a2d4851a1d" />
    <TestEntry testId="55e9bc18-2004-12a3-ee22-6f182bbd5081" executionId="3af50703-b38d-403e-bc52-1a0581cb69c0" testListId="8c84fa94-04c1-424b-9868-57a2d4851a1d" />
    <TestEntry testId="2a64e3d0-29dc-8bdb-2a0b-31a3a0e3c2b2" executionId="c97dd434-e672-48c8-b2a7-a9fb8e190511" testListId="8c84fa94-04c1-424b-9868-57a2d4851a1d" />
    <TestEntry testId="8bc75845-4b59-731e-1d8a-4caf98aa8332" executionId="eb577bd3-b564-4519-ba5e-3b1c4c238027" testListId="8c84fa94-04c1-424b-9868-57a2d4851a1d" />
    <TestEntry testId="a2b237b6-87a9-6448-ea64-80f7d7cb4570" executionId="7aac5b39-45ab-47ec-a614-30c234e11f26" testListId="8c84fa94-04c1-424b-9868-57a2d4851a1d" />
    <TestEntry testId="441a1507-4d2e-9826-2bc1-94f4b7fb5366" executionId="b2f10db1-1488-42ed-a378-dfbbaa9ae8b6" testListId="8c84fa94-04c1-424b-9868-57a2d4851a1d" />
    <TestEntry testId="9721586d-aa38-2acf-dc6f-9ad46059249a" executionId="69f6053d-a0f1-4822-a900-03166e159afa" testListId="8c84fa94-04c1-424b-9868-57a2d4851a1d" />
    <TestEntry testId="9c9ec3ab-341e-be27-a7d5-65ce0384719a" executionId="1a2eade9-6455-4f34-a021-4867a67f6532" testListId="8c84fa94-04c1-424b-9868-57a2d4851a1d" />
    <TestEntry testId="efff7e67-0e4e-9c0b-137a-f44a297b06af" executionId="ca8e4f77-aebf-4459-b0e8-d4f42d39dd0c" testListId="8c84fa94-04c1-424b-9868-57a2d4851a1d" />
    <TestEntry testId="1d930994-0015-81c0-0785-214c789d0f48" executionId="477bb7b9-93cf-4827-8273-47ab4c9c150a" testListId="8c84fa94-04c1-424b-9868-57a2d4851a1d" />
    <TestEntry testId="2683aa85-e669-f312-ee64-992c8a43f58e" executionId="27e9b456-12a2-4635-ada2-9dcb3c7d3a24" testListId="8c84fa94-04c1-424b-9868-57a2d4851a1d" />
    <TestEntry testId="c61df19c-0ed5-1e79-15fc-8cf49d50e3f1" executionId="d0f8578f-3989-439c-8b3a-28c654b12b72" testListId="8c84fa94-04c1-424b-9868-57a2d4851a1d" />
    <TestEntry testId="05c92c15-c756-6c60-7291-2bb35edad330" executionId="70d8ffc5-dcf3-4cd4-9ae3-28040b14d68a" testListId="8c84fa94-04c1-424b-9868-57a2d4851a1d" />
    <TestEntry testId="71b1f8cb-d5d2-658c-1569-e702bbe253a9" executionId="186cea51-913c-4db2-8657-d559fee90a18" testListId="8c84fa94-04c1-424b-9868-57a2d4851a1d" />
    <TestEntry testId="3d10a867-9354-67cc-f51f-4d2ac58a535f" executionId="1e9d8ead-ea14-4835-8e2b-1836e26e2db9" testListId="8c84fa94-04c1-424b-9868-57a2d4851a1d" />
    <TestEntry testId="48fe7960-e7ac-dec8-3ea9-b9204f424a43" executionId="91ec08dc-cd07-47ca-834a-1996b9881f83" testListId="8c84fa94-04c1-424b-9868-57a2d4851a1d" />
    <TestEntry testId="b62799b2-ae49-9779-e73d-8a176301a857" executionId="1a7d24ec-bb10-48bc-88cb-ffa1b7268250" testListId="8c84fa94-04c1-424b-9868-57a2d4851a1d" />
    <TestEntry testId="01689892-e21a-9b27-aacb-7a0e94b5dc48" executionId="a4a0226c-650a-4c06-aa99-9f1e86461bbc" testListId="8c84fa94-04c1-424b-9868-57a2d4851a1d" />
    <TestEntry testId="71f2b125-dcf3-a55f-9340-d36d7e63aca3" executionId="9aba568d-1504-4cdc-9a09-52a49c90f9e3" testListId="8c84fa94-04c1-424b-9868-57a2d4851a1d" />
    <TestEntry testId="d8ec0e69-8c41-b6ba-646b-339a81a5b10c" executionId="9b669210-dec5-45d7-b6f4-d7f9c9f70078" testListId="8c84fa94-04c1-424b-9868-57a2d4851a1d" />
    <TestEntry testId="d7f6b0f7-5f67-ef1f-bcf8-30b26f78f0af" executionId="14cfac5a-330c-4bf1-b7c8-7b9c51d2ea17" testListId="8c84fa94-04c1-424b-9868-57a2d4851a1d" />
    <TestEntry testId="e4ade2ed-3bbb-1fd7-783b-4e8e1b011388" executionId="6b6987b9-1211-476f-b7de-5bb48d54ffa9" testListId="8c84fa94-04c1-424b-9868-57a2d4851a1d" />
    <TestEntry testId="df619afa-787b-6816-90f6-c3ebc4c3d0de" executionId="08394997-55ba-43a3-9518-8fc1cca5837d" testListId="8c84fa94-04c1-424b-9868-57a2d4851a1d" />
    <TestEntry testId="6d503ffd-83c0-8da1-aa4e-2ee3db9a6b1b" executionId="0fc222f6-6c52-4b2b-a9a1-b4f38a312955" testListId="8c84fa94-04c1-424b-9868-57a2d4851a1d" />
    <TestEntry testId="ef2e0a3f-0d6f-7590-19fc-8d1480c39eb5" executionId="219249e7-0dc2-487a-a4fe-5a0044e68a2a" testListId="8c84fa94-04c1-424b-9868-57a2d4851a1d" />
    <TestEntry testId="34f49f0e-0337-7774-549c-3f462ae40435" executionId="8a7c3aa0-422a-4b82-98aa-0133673fbcf8" testListId="8c84fa94-04c1-424b-9868-57a2d4851a1d" />
    <TestEntry testId="44c6a02f-3f83-f532-098d-275974fcd9fa" executionId="52b54267-50a8-4fa9-96d1-4cdbab1bd22a" testListId="8c84fa94-04c1-424b-9868-57a2d4851a1d" />
    <TestEntry testId="8c4eea62-de58-9340-ba3d-0c6b059f1dba" executionId="179478be-09f3-4c09-8d30-4def95791050" testListId="8c84fa94-04c1-424b-9868-57a2d4851a1d" />
    <TestEntry testId="fa5adb67-2bc8-8c9f-75ab-e59c1ecdb8de" executionId="d8682b80-0ecc-42a5-9ea4-aaba5403d20e" testListId="8c84fa94-04c1-424b-9868-57a2d4851a1d" />
    <TestEntry testId="2a66a88b-be38-068b-4370-4bb2d4567c11" executionId="cec820f0-62c5-4ca0-ac73-0fb5ab4b539f" testListId="8c84fa94-04c1-424b-9868-57a2d4851a1d" />
    <TestEntry testId="3a51e8c3-05b2-e990-a940-5a17f68841a1" executionId="d452a91c-4193-4f1e-837d-858de8b4f1c2" testListId="8c84fa94-04c1-424b-9868-57a2d4851a1d" />
    <TestEntry testId="b209e65e-1c62-631d-122b-d8625da49d29" executionId="683de8a1-0368-42a6-82f4-56e134676706" testListId="8c84fa94-04c1-424b-9868-57a2d4851a1d" />
    <TestEntry testId="6f9bd3f5-a877-846e-c64a-e4c6fe8bd1fa" executionId="c93c1886-bf98-4ecc-9d9f-0054a6fe68fb" testListId="8c84fa94-04c1-424b-9868-57a2d4851a1d" />
    <TestEntry testId="0619c78d-3e0d-9bf5-17ae-086ba5d069e0" executionId="6906b3b2-dbde-4e62-8859-99d270b37b57" testListId="8c84fa94-04c1-424b-9868-57a2d4851a1d" />
    <TestEntry testId="4a2d2da5-5c6b-2e69-8590-34a559768ef2" executionId="4d1579c6-e57b-4094-b523-9586b89251f0" testListId="8c84fa94-04c1-424b-9868-57a2d4851a1d" />
    <TestEntry testId="15d093f6-bc07-fe41-7250-a85b31ecb8e7" executionId="a33da46e-d3e0-4489-9fd9-960fae05050c" testListId="8c84fa94-04c1-424b-9868-57a2d4851a1d" />
    <TestEntry testId="96ba2b61-3caf-6e5f-d325-cd0668206fd9" executionId="40672c2f-f9ee-4d33-8740-1ce2d991e5ef" testListId="8c84fa94-04c1-424b-9868-57a2d4851a1d" />
    <TestEntry testId="1591467e-8a65-0c81-7302-f9c0bc9acd0c" executionId="60a894e3-55b9-4723-a686-8424eae1667a" testListId="8c84fa94-04c1-424b-9868-57a2d4851a1d" />
    <TestEntry testId="82574e62-19e5-404d-0a83-ec2cdfab752c" executionId="040cd918-590a-4cdf-b4dd-c8a83cc35707" testListId="8c84fa94-04c1-424b-9868-57a2d4851a1d" />
    <TestEntry testId="ecd9ab28-78e2-cda0-a385-8eaeecfc3c9d" executionId="dd47cdb5-c6ba-4ed2-9336-62fb4211e321" testListId="8c84fa94-04c1-424b-9868-57a2d4851a1d" />
    <TestEntry testId="de77c02b-5fd3-83f7-5782-11c6ffe43995" executionId="83b971b9-69f2-40a2-bcb3-4182cd819434" testListId="8c84fa94-04c1-424b-9868-57a2d4851a1d" />
    <TestEntry testId="20e7ff8a-9a31-d9e7-a7c0-3717df7faeeb" executionId="a6b25d68-7aab-4227-8103-75f5bca9b2d3" testListId="8c84fa94-04c1-424b-9868-57a2d4851a1d" />
    <TestEntry testId="7ec9b408-478e-83cf-4b48-0fdcf8c587aa" executionId="a2b3ea2f-31ee-4633-84fe-e4a8dc5c4f47" testListId="8c84fa94-04c1-424b-9868-57a2d4851a1d" />
    <TestEntry testId="fffb71e8-8dbb-c0c5-a9f5-91b95eb049cc" executionId="b485b371-6066-4eea-89a5-3c818e76b3cb" testListId="8c84fa94-04c1-424b-9868-57a2d4851a1d" />
    <TestEntry testId="14dcd1a4-82a7-e699-3cd0-248b93066847" executionId="1cf4dd95-2842-4528-9ddf-143a8234380a" testListId="8c84fa94-04c1-424b-9868-57a2d4851a1d" />
    <TestEntry testId="ccca0cb4-5dc6-c3ec-3d16-c10784caea9f" executionId="c74f0665-a99b-4d21-8d05-d4860bed53c8" testListId="8c84fa94-04c1-424b-9868-57a2d4851a1d" />
    <TestEntry testId="066f9c95-33c4-b755-fd56-27a77eddc136" executionId="c6d0f954-1599-41f2-ad93-dcdacc7b51be" testListId="8c84fa94-04c1-424b-9868-57a2d4851a1d" />
    <TestEntry testId="9c50eb57-e182-2f34-8487-f43683a6f287" executionId="07f0e7b1-8611-4b7b-a3de-3ec56b7b44c1" testListId="8c84fa94-04c1-424b-9868-57a2d4851a1d" />
    <TestEntry testId="ef3dfef4-8583-4e95-f5f4-93c445d90b30" executionId="1feb8052-517b-4088-9a11-900adbbcb970" testListId="8c84fa94-04c1-424b-9868-57a2d4851a1d" />
    <TestEntry testId="f32dd2d4-20b8-2076-5c89-9a8202dd10d2" executionId="4934bbfe-d352-4d6a-bdb5-1bed2ff0598f" testListId="8c84fa94-04c1-424b-9868-57a2d4851a1d" />
    <TestEntry testId="9032a3da-5715-c886-f19c-47274b0f8f8c" executionId="d68f6088-72e1-49cd-a247-a3c3c01341bb" testListId="8c84fa94-04c1-424b-9868-57a2d4851a1d" />
    <TestEntry testId="9e0492fb-a8f6-1897-7301-b8ed55a514fa" executionId="b2cd4aa4-6e7e-43ef-9082-eb7fb547e9d6" testListId="8c84fa94-04c1-424b-9868-57a2d4851a1d" />
    <TestEntry testId="b69b1a4d-a5eb-defd-cdbc-33a5d4a151ea" executionId="e6f54fd3-de8b-4a63-a7d2-b6100448f716" testListId="8c84fa94-04c1-424b-9868-57a2d4851a1d" />
    <TestEntry testId="ad95d0fa-6a0f-4edd-d30c-536efa57ff12" executionId="ba7412f6-505e-48ab-a3ea-87cec787ac0d" testListId="8c84fa94-04c1-424b-9868-57a2d4851a1d" />
    <TestEntry testId="5e78e048-5b9d-b94a-055d-58ed7faf9ba8" executionId="a567abe4-96a0-465d-8eee-5427e4ed3f0c" testListId="8c84fa94-04c1-424b-9868-57a2d4851a1d" />
    <TestEntry testId="986708c3-2a7f-6827-66cd-4af234450099" executionId="bbe8f9b3-a800-4be3-bfab-c24ea88eed56" testListId="8c84fa94-04c1-424b-9868-57a2d4851a1d" />
    <TestEntry testId="6c96f1b7-fc31-9e5d-4f72-7ef8a7bb587f" executionId="5b85d379-3914-48cc-a852-851e137a29c9" testListId="8c84fa94-04c1-424b-9868-57a2d4851a1d" />
    <TestEntry testId="040026dc-2cc2-d49f-44d7-c185e9bb6c1f" executionId="9ab7ef38-e836-451a-b0b5-558ddbb72efc" testListId="8c84fa94-04c1-424b-9868-57a2d4851a1d" />
    <TestEntry testId="1c998b43-4c0c-8a32-74de-ce0b5314aa7c" executionId="126e5a56-54c2-4479-9e1b-c66bcc67dba1" testListId="8c84fa94-04c1-424b-9868-57a2d4851a1d" />
    <TestEntry testId="807c7f4a-5bad-ed62-01c5-69d3f6115b6f" executionId="fc8aa017-2215-4e84-a186-2b2e9e8d6575" testListId="8c84fa94-04c1-424b-9868-57a2d4851a1d" />
    <TestEntry testId="1f189c1a-d455-07a1-ba57-62ffdd3da2e0" executionId="d151770b-33ad-40df-9101-0f1ac1a058c1" testListId="8c84fa94-04c1-424b-9868-57a2d4851a1d" />
    <TestEntry testId="9a1cc51a-e316-2ef9-b45b-584a85521174" executionId="036e4b61-8652-43c2-b7c1-35ebe2e01eb1" testListId="8c84fa94-04c1-424b-9868-57a2d4851a1d" />
    <TestEntry testId="cc90f30c-94f7-3c7a-6216-69aabde5ab75" executionId="473f372a-3ab9-427b-813a-bed54cdb52bd" testListId="8c84fa94-04c1-424b-9868-57a2d4851a1d" />
    <TestEntry testId="dc2b0911-3b33-8b38-5a38-7aaa6ba2508a" executionId="1bb028bf-e23f-41a7-a9e2-393edd363359" testListId="8c84fa94-04c1-424b-9868-57a2d4851a1d" />
    <TestEntry testId="083d4f20-3cc2-5525-8ac7-2953d10deaa0" executionId="d28bf4d2-c22d-4e86-ba14-a270ef7eda1f" testListId="8c84fa94-04c1-424b-9868-57a2d4851a1d" />
    <TestEntry testId="0ca81259-665f-874e-84c0-9ef96c24a066" executionId="8c9f693e-b2d5-4e6d-b81c-bf14722d88dc" testListId="8c84fa94-04c1-424b-9868-57a2d4851a1d" />
    <TestEntry testId="cb5b92fd-1e3f-f4fd-9d31-e7c07c344ca8" executionId="17cab59b-65c2-4714-9538-be2a28fef4ea" testListId="8c84fa94-04c1-424b-9868-57a2d4851a1d" />
    <TestEntry testId="99f6efd7-ccc6-6cf3-d298-3ce26b3ab18e" executionId="9bf9a77b-1a75-47d6-8e8c-d03a58b8c8b7" testListId="8c84fa94-04c1-424b-9868-57a2d4851a1d" />
    <TestEntry testId="f29420eb-44b1-8145-8ecc-b48fb8791a59" executionId="16f85a60-7270-45c4-8b7e-5887894fe098" testListId="8c84fa94-04c1-424b-9868-57a2d4851a1d" />
    <TestEntry testId="a18aeb64-896d-7cc7-284d-c445e0812cb6" executionId="4eadd6ce-a0c8-45c9-8cc5-72996f8b4fef" testListId="8c84fa94-04c1-424b-9868-57a2d4851a1d" />
    <TestEntry testId="bc450459-9911-75dc-99aa-2d12402f9b9c" executionId="4ca5e356-5f72-444e-bbc6-4350a369ea52" testListId="8c84fa94-04c1-424b-9868-57a2d4851a1d" />
    <TestEntry testId="b5ad12de-62d3-6c49-c40a-dbc2d7ded9c5" executionId="5df17633-cf2b-4e59-b218-569254ee81ef" testListId="8c84fa94-04c1-424b-9868-57a2d4851a1d" />
    <TestEntry testId="1dad3854-f86d-612f-e517-a5e809d21ca9" executionId="27a64b70-e8cc-4cd9-822a-f971b1ff3116" testListId="8c84fa94-04c1-424b-9868-57a2d4851a1d" />
    <TestEntry testId="80a99c3a-4368-5fe2-d81c-a1617f5dd98d" executionId="3837dbec-c030-4943-8011-cf1eb561c312" testListId="8c84fa94-04c1-424b-9868-57a2d4851a1d" />
    <TestEntry testId="7c9d6d5f-6d15-0615-50db-b568ed669dca" executionId="b6bc0a48-7815-451b-b23f-092531a05add" testListId="8c84fa94-04c1-424b-9868-57a2d4851a1d" />
    <TestEntry testId="ac93defd-c485-689e-d2f8-dc47107f006a" executionId="5a871c98-3a77-469b-99cf-874207ae46e6" testListId="8c84fa94-04c1-424b-9868-57a2d4851a1d" />
    <TestEntry testId="db8d6e68-345b-b2f0-1d70-f14aa6b41580" executionId="c2191aa1-5a48-4935-b476-117b02bcfc33" testListId="8c84fa94-04c1-424b-9868-57a2d4851a1d" />
    <TestEntry testId="c9c51d76-8877-7002-b84a-8601e69b9228" executionId="13a5f3e2-f3b9-4eb2-91b4-5ffe3032d03e" testListId="8c84fa94-04c1-424b-9868-57a2d4851a1d" />
    <TestEntry testId="1c27186e-b664-a066-8bc3-3122b021d83b" executionId="b773d806-2399-481b-80e2-6bfd477dd8b2" testListId="8c84fa94-04c1-424b-9868-57a2d4851a1d" />
    <TestEntry testId="2a50cf25-bb8b-aab6-917f-6eee90fa9280" executionId="45bac5eb-f2a2-4c8d-9ef9-02822af7e1a6" testListId="8c84fa94-04c1-424b-9868-57a2d4851a1d" />
    <TestEntry testId="6f92ab28-59fa-7776-12ef-0bd549ed0f29" executionId="6b64f0de-b78d-47eb-aa20-3b93554a88ba" testListId="8c84fa94-04c1-424b-9868-57a2d4851a1d" />
    <TestEntry testId="fdc8fdc8-8c6f-b1d4-90e0-0ebadacd865a" executionId="89a8a5ac-0327-4bd2-95ee-f8b9ae54274e" testListId="8c84fa94-04c1-424b-9868-57a2d4851a1d" />
    <TestEntry testId="4f067e68-ca92-42e8-42d5-2f9e2f978cd0" executionId="334e0560-d38c-4020-a581-63e8ad4754ad" testListId="8c84fa94-04c1-424b-9868-57a2d4851a1d" />
    <TestEntry testId="64d4e3d0-e746-e264-daac-54748f6f3edf" executionId="bb9dd070-e6a3-40b7-8ef9-a803ae60756b" testListId="8c84fa94-04c1-424b-9868-57a2d4851a1d" />
    <TestEntry testId="c84dde8a-33a8-53d3-cd65-b06c2589118a" executionId="fc0317b4-a9db-4797-9814-f7d05cdea3f3" testListId="8c84fa94-04c1-424b-9868-57a2d4851a1d" />
    <TestEntry testId="ac714262-3713-47df-807d-d06c4ee24ecc" executionId="261dd0d1-6cd6-4b12-8cad-2fb3e68236de" testListId="8c84fa94-04c1-424b-9868-57a2d4851a1d" />
    <TestEntry testId="30445af4-d8eb-49dc-e014-9bac2f0cc812" executionId="aab1f66c-bef6-42b7-ad7f-ecfbd28c7393" testListId="8c84fa94-04c1-424b-9868-57a2d4851a1d" />
    <TestEntry testId="42bae599-9b3f-fb12-46e0-f6453b243adc" executionId="ed7a4858-fb88-423b-8719-c128f6ed7708" testListId="8c84fa94-04c1-424b-9868-57a2d4851a1d" />
    <TestEntry testId="ea11c0e8-0fae-91f5-1bc8-bad35d91e551" executionId="e421c777-9d05-422b-815c-dc5985337b51" testListId="8c84fa94-04c1-424b-9868-57a2d4851a1d" />
    <TestEntry testId="d9123337-a1df-f93f-7b18-a0b2bc2defc1" executionId="cb0fb2b2-ba01-46a3-9e42-e3821c87fe61" testListId="8c84fa94-04c1-424b-9868-57a2d4851a1d" />
    <TestEntry testId="4ea69216-e3af-0e45-7c67-2e668d10fce2" executionId="916f54a7-1f9d-43e3-a100-4df611bb607e" testListId="8c84fa94-04c1-424b-9868-57a2d4851a1d" />
    <TestEntry testId="78dbafb8-4523-1259-1593-b0b8d37983eb" executionId="d14e50d2-4ce8-468f-a182-30e13f7998af" testListId="8c84fa94-04c1-424b-9868-57a2d4851a1d" />
    <TestEntry testId="6e872ee1-3ce3-6c3f-bd75-24a168983c39" executionId="6eb06267-2889-4a36-b08a-7f732b5f2522" testListId="8c84fa94-04c1-424b-9868-57a2d4851a1d" />
    <TestEntry testId="6b658d83-a538-3c0a-268e-97736aa3b875" executionId="e687f107-8250-4bc2-8fe2-d0fd74ee8ac6" testListId="8c84fa94-04c1-424b-9868-57a2d4851a1d" />
    <TestEntry testId="9f2507e8-69ac-71ce-cfb2-1ac1e7a23293" executionId="2aaf6f3d-6a23-4bf2-9c4e-66da9cf034ac" testListId="8c84fa94-04c1-424b-9868-57a2d4851a1d" />
    <TestEntry testId="82e38880-a15a-3d52-a066-96d5dbe7d821" executionId="5fa8159e-5cfc-47f7-8c8f-153b3c25bb86" testListId="8c84fa94-04c1-424b-9868-57a2d4851a1d" />
    <TestEntry testId="eca2ada9-c5c4-aaa5-00ba-fb88e5b8996c" executionId="34b20fdd-d63c-47b4-8e30-991903ae9d96" testListId="8c84fa94-04c1-424b-9868-57a2d4851a1d" />
    <TestEntry testId="4bdf7c3d-152b-4e9d-f1f9-6b46a36b3787" executionId="fb119605-94c1-4c0e-9d79-cc0ab7aa1b28" testListId="8c84fa94-04c1-424b-9868-57a2d4851a1d" />
    <TestEntry testId="d8956387-fd6e-16c8-b779-4fda26e80d09" executionId="e6a8b60f-eccd-4bde-a3c7-ad8234e3a8ac" testListId="8c84fa94-04c1-424b-9868-57a2d4851a1d" />
    <TestEntry testId="7903664b-5188-07ce-cc5f-64e0cac7dd54" executionId="f9534a17-05b4-419e-bded-6b2c4fa3e417" testListId="8c84fa94-04c1-424b-9868-57a2d4851a1d" />
    <TestEntry testId="155e5b1a-632b-e4c4-6627-246166e72cb5" executionId="92ad28ff-dcb0-48f1-bf93-535557fc942f" testListId="8c84fa94-04c1-424b-9868-57a2d4851a1d" />
    <TestEntry testId="d81e3530-907c-ba58-168d-8726b4fd2254" executionId="a692e069-76a8-4bb3-8f8a-a0dda0d6d98e" testListId="8c84fa94-04c1-424b-9868-57a2d4851a1d" />
    <TestEntry testId="7b8ba4a4-b0bb-cba3-62ff-a14fd2215f26" executionId="4b7f50af-00ed-4344-9a73-7b3acf22e9e5" testListId="8c84fa94-04c1-424b-9868-57a2d4851a1d" />
    <TestEntry testId="92b7e97e-e370-685f-f002-c2f067e02495" executionId="93d75fc0-75b6-4395-add3-52d48249a5a1" testListId="8c84fa94-04c1-424b-9868-57a2d4851a1d" />
    <TestEntry testId="727fd89c-1755-c990-1cff-e176e2f64bee" executionId="e9110fc7-2aae-4ed3-bdf5-60a5c748d275" testListId="8c84fa94-04c1-424b-9868-57a2d4851a1d" />
    <TestEntry testId="a61bce6b-fafa-57a5-8780-0408aa733f26" executionId="fab2e087-55c5-406b-ad9b-070d9d2c6548" testListId="8c84fa94-04c1-424b-9868-57a2d4851a1d" />
    <TestEntry testId="bdabfc9e-1f61-86fc-3074-653b22411299" executionId="c2ac9cff-f0ab-45d2-bd02-f8d4c9a49f95" testListId="8c84fa94-04c1-424b-9868-57a2d4851a1d" />
    <TestEntry testId="cc388ca8-b291-7a12-ae7e-ef1bd3499b91" executionId="5d2fab19-f538-4c7d-9e47-026a41674dcf" testListId="8c84fa94-04c1-424b-9868-57a2d4851a1d" />
    <TestEntry testId="fcc63dfe-7000-1856-48ed-5ae01c0bb9bb" executionId="3684351d-3813-4e72-aa8c-0dd8bf61562e" testListId="8c84fa94-04c1-424b-9868-57a2d4851a1d" />
  </TestEntries>
  <TestLists>
    <TestList name="Results Not in a List" id="8c84fa94-04c1-424b-9868-57a2d4851a1d" />
    <TestList name="All Loaded Results" id="19431567-8539-422a-85d7-44ee4e166bda" />
  </TestLists>
  <ResultSummary outcome="Failed">
    <Counters total="133" executed="133" passed="132" failed="1" error="0" timeout="0" aborted="0" inconclusive="0" passedButRunAborted="0" notRunnable="0" notExecuted="0" disconnected="0" warning="0" completed="0" inProgress="0" pending="0" />
    <Output>
      <StdOut>NUnit Adapter 4.5.0.0: Test execution started&#xD;
Running selected tests in C:\Users\bghrpis\Desktop\Work\CarCare-Companion\Server\CarCare-Companion\CarCare-Companion.Tests\bin\Debug\net6.0\CarCare-Companion.Tests.dll&#xD;
   NUnit3TestExecutor discovered 133 of 133 NUnit test cases using Current Discovery mode, Non-Explicit run&#xD;
NUnit Adapter 4.5.0.0: Test execution complete&#xD;
</StdOut>
    </Output>
  </ResultSummary>
</TestRun>